Added Component: Designator=1da4(SOD-123)
Added Component: Designator=1db4(SOD-123)
Added Component: Designator=ad1(HDR1X4)
Added Component: Designator=ad2(HDR1X4)
Added Component: Designator=ad3(HDR1X4)
Added Component: Designator=BT1(CR2032)
Added Component: Designator=can1(SOIC-8)
Added Component: Designator=cc1(C0603)
Added Component: Designator=ch1(C0603)
Added Component: Designator=ch2(C0603)
Added Component: Designator=ch3(C0603)
Added Component: Designator=ch4(C0603)
Added Component: Designator=Cm1(C0603)
Added Component: Designator=Cm2(C0603)
Added Component: Designator=Cm4(C0603)
Added Component: Designator=cm7(C0603)
Added Component: Designator=cm8(C0603)
Added Component: Designator=dc-005(DC-005)
Added Component: Designator=De1(SOD-323)
Added Component: Designator=De2(SOD-323)
Added Component: Designator=De3(SOD-323)
Added Component: Designator=De4(SOD-323)
Added Component: Designator=dj1(HDR1X4_2.0)
Added Component: Designator=dj2(HDR1X4_2.0)
Added Component: Designator=dj3(HDR1X3_2.54)
Added Component: Designator=dj4(HDR1X3_2.54)
Added Component: Designator=DJ(FMQ_tp)
Added Component: Designator=dsc1(C0603)
Added Component: Designator=espc1(C0603)
Added Component: Designator=ESP(HDE2X4_2.54)
Added Component: Designator=gq(HDR1X4)
Added Component: Designator=Js1(1X4_1_25)
Added Component: Designator=JSQ(HDR1X2_2.54)
Added Component: Designator=jx(HDR1X2_2.54)
Added Component: Designator=kc1(R0603)
Added Component: Designator=Key1(R0603)
Added Component: Designator=Key2(R0603)
Added Component: Designator=Key3(R0603)
Added Component: Designator=Key4(R0603)
Added Component: Designator=Key5(R0603)
Added Component: Designator=keyC1(C0603)
Added Component: Designator=keyC2(C0603)
Added Component: Designator=keyC3(C0603)
Added Component: Designator=keyC4(C0603)
Added Component: Designator=keyC5(C0603)
Added Component: Designator=kga1(SOT-363)
Added Component: Designator=kgb1(SOT-363)
Added Component: Designator=Kx(daohangKey)
Added Component: Designator=LED(FMQ_tp)
Added Component: Designator=MOS1(SO-G3/C2.5)
Added Component: Designator=MOS2(SO-G3/C2.5)
Added Component: Designator=MOS3(SO-G3/C2.5)
Added Component: Designator=MOS4(SO-G3/C2.5)
Added Component: Designator=MTS(MTS-102)
Added Component: Designator=pc1(C0603)
Added Component: Designator=pc2(1206)
Added Component: Designator=pc3(1206)
Added Component: Designator=pc4(C0603)
Added Component: Designator=pc5(C0603)
Added Component: Designator=pc6(C0603)
Added Component: Designator=pc7(C0603)
Added Component: Designator=pc8(C1206ог)
Added Component: Designator=pc9(CED10)
Added Component: Designator=pc10(C0603)
Added Component: Designator=pc11(CED10)
Added Component: Designator=pc12(C0603)
Added Component: Designator=pd1(SMA(DO-214AC))
Added Component: Designator=pd2(SMA(DO-214AC))
Added Component: Designator=pf1(2410)
Added Component: Designator=PFMQ(FMQ_tp)
Added Component: Designator=pk1(R0603)
Added Component: Designator=pk2(R0603)
Added Component: Designator=pk3(R0603)
Added Component: Designator=pk4(R0603)
Added Component: Designator=pk5(R0603)
Added Component: Designator=pk6(R0603)
Added Component: Designator=pk7(R0603)
Added Component: Designator=pk8(R0603)
Added Component: Designator=pl1(6028)
Added Component: Designator=pled1(LED0603)
Added Component: Designator=pm1(R0603)
Added Component: Designator=pm2(R0603)
Added Component: Designator=qca1(C0603)
Added Component: Designator=qca2(C0603)
Added Component: Designator=qca3(CED8)
Added Component: Designator=qca4(C0603)
Added Component: Designator=qca5(C0603)
Added Component: Designator=qcb1(C0603)
Added Component: Designator=qcb2(C0603)
Added Component: Designator=qcb3(CED8)
Added Component: Designator=qcb4(C0603)
Added Component: Designator=qcb5(C0603)
Added Component: Designator=qda1(SOD-123)
Added Component: Designator=qda2(SOD-123)
Added Component: Designator=qda3(SOD-123)
Added Component: Designator=qdb1(SOD-123)
Added Component: Designator=qdb2(SOD-123)
Added Component: Designator=qdb3(SOD-123)
Added Component: Designator=qka1(R0603)
Added Component: Designator=qka2(R0603)
Added Component: Designator=qka3(2512)
Added Component: Designator=qkb1(R0603)
Added Component: Designator=qkb2(R0603)
Added Component: Designator=qkb3(2512)
Added Component: Designator=qxa1(SOIC-8)
Added Component: Designator=qxb1(SOIC-8)
Added Component: Designator=qy(HDR1X4)
Added Component: Designator=Rdj1(0603P)
Added Component: Designator=Rdj2(0603P)
Added Component: Designator=RH2(R0603)
Added Component: Designator=Rjsq1(0603P)
Added Component: Designator=Rjsq2(0603P)
Added Component: Designator=Rk1(R0603)
Added Component: Designator=Rk2(R0603)
Added Component: Designator=RL1(0603P)
Added Component: Designator=RL3(0603P)
Added Component: Designator=Rled1(0603P)
Added Component: Designator=Rled2(0603P)
Added Component: Designator=Rm1(R0603)
Added Component: Designator=Rm2(R0603)
Added Component: Designator=Rm9(R0603)
Added Component: Designator=rm10(R0603)
Added Component: Designator=Rmos1(0603P)
Added Component: Designator=Rmos2(0603P)
Added Component: Designator=SH1(KEY1)
Added Component: Designator=S(HDR1X7_2.54)
Added Component: Designator=TM(HDR1X2_2.54)
Added Component: Designator=U1(MP2303A)
Added Component: Designator=U2(DS3231SN)
Added Component: Designator=U5(QFN24)
Added Component: Designator=Uh1(LQFP64)
Added Component: Designator=Up1(LC-SOT-223)
Added Component: Designator=usbR1(R0603)
Added Component: Designator=USB(MICRO_USB5P_SOP)
Added Component: Designator=wsd(HDR1X4)
Added Component: Designator=wx1(HDR1X4)
Added Component: Designator=wx2(HDR1X3_2.54)
Added Component: Designator=X1(XTAL3215)
Added Pin To Net: NetName=+3.3V Pin=U2-2
Added Net: Name=+3.3V
Added Pin To Net: NetName=3V3 Pin=can1-3
Added Pin To Net: NetName=3V3 Pin=cc1-2
Added Pin To Net: NetName=3V3 Pin=ch2-1
Added Pin To Net: NetName=3V3 Pin=ch3-1
Added Pin To Net: NetName=3V3 Pin=ch4-2
Added Pin To Net: NetName=3V3 Pin=Cm1-2
Added Pin To Net: NetName=3V3 Pin=cm7-2
Added Pin To Net: NetName=3V3 Pin=cm8-2
Added Pin To Net: NetName=3V3 Pin=ESP-3
Added Pin To Net: NetName=3V3 Pin=ESP-4
Added Pin To Net: NetName=3V3 Pin=ESP-6
Added Pin To Net: NetName=3V3 Pin=ESP-7
Added Pin To Net: NetName=3V3 Pin=espc1-1
Added Pin To Net: NetName=3V3 Pin=gq-1
Added Pin To Net: NetName=3V3 Pin=Js1-1
Added Pin To Net: NetName=3V3 Pin=Key1-2
Added Pin To Net: NetName=3V3 Pin=Key2-2
Added Pin To Net: NetName=3V3 Pin=Key3-2
Added Pin To Net: NetName=3V3 Pin=Key4-2
Added Pin To Net: NetName=3V3 Pin=Key5-2
Added Pin To Net: NetName=3V3 Pin=kga1-5
Added Pin To Net: NetName=3V3 Pin=kgb1-5
Added Pin To Net: NetName=3V3 Pin=pc8-1
Added Pin To Net: NetName=3V3 Pin=pm1-1
Added Pin To Net: NetName=3V3 Pin=pm2-1
Added Pin To Net: NetName=3V3 Pin=qca4-2
Added Pin To Net: NetName=3V3 Pin=qcb4-2
Added Pin To Net: NetName=3V3 Pin=qka1-2
Added Pin To Net: NetName=3V3 Pin=qka2-1
Added Pin To Net: NetName=3V3 Pin=qkb1-2
Added Pin To Net: NetName=3V3 Pin=qkb2-1
Added Pin To Net: NetName=3V3 Pin=qy-1
Added Pin To Net: NetName=3V3 Pin=RH2-2
Added Pin To Net: NetName=3V3 Pin=RL1-2
Added Pin To Net: NetName=3V3 Pin=RL3-2
Added Pin To Net: NetName=3V3 Pin=Rm1-2
Added Pin To Net: NetName=3V3 Pin=Rm2-2
Added Pin To Net: NetName=3V3 Pin=rm10-2
Added Pin To Net: NetName=3V3 Pin=S-2
Added Pin To Net: NetName=3V3 Pin=U5-8
Added Pin To Net: NetName=3V3 Pin=U5-13
Added Pin To Net: NetName=3V3 Pin=Uh1-1
Added Pin To Net: NetName=3V3 Pin=Uh1-13
Added Pin To Net: NetName=3V3 Pin=Uh1-19
Added Pin To Net: NetName=3V3 Pin=Uh1-32
Added Pin To Net: NetName=3V3 Pin=Uh1-48
Added Pin To Net: NetName=3V3 Pin=Uh1-64
Added Pin To Net: NetName=3V3 Pin=Up1-2
Added Pin To Net: NetName=3V3 Pin=Up1-4
Added Pin To Net: NetName=3V3 Pin=wsd-1
Added Pin To Net: NetName=3V3 Pin=wx1-4
Added Net: Name=3V3
Added Pin To Net: NetName=5V Pin=ad1-1
Added Pin To Net: NetName=5V Pin=ad2-1
Added Pin To Net: NetName=5V Pin=ad3-1
Added Pin To Net: NetName=5V Pin=De1-2
Added Pin To Net: NetName=5V Pin=De2-2
Added Pin To Net: NetName=5V Pin=De3-2
Added Pin To Net: NetName=5V Pin=De4-2
Added Pin To Net: NetName=5V Pin=dj3-1
Added Pin To Net: NetName=5V Pin=dj4-1
Added Pin To Net: NetName=5V Pin=DJ-1
Added Pin To Net: NetName=5V Pin=JSQ-1
Added Pin To Net: NetName=5V Pin=LED-1
Added Pin To Net: NetName=5V Pin=pc4-2
Added Pin To Net: NetName=5V Pin=pc5-2
Added Pin To Net: NetName=5V Pin=PFMQ-1
Added Pin To Net: NetName=5V Pin=pk3-2
Added Pin To Net: NetName=5V Pin=pk6-1
Added Pin To Net: NetName=5V Pin=pl1-2
Added Pin To Net: NetName=5V Pin=qca1-1
Added Pin To Net: NetName=5V Pin=qcb1-1
Added Pin To Net: NetName=5V Pin=qxa1-4
Added Pin To Net: NetName=5V Pin=qxb1-4
Added Pin To Net: NetName=5V Pin=TM-1
Added Pin To Net: NetName=5V Pin=Up1-3
Added Pin To Net: NetName=5V Pin=wx2-1
Added Net: Name=5V
Added Pin To Net: NetName=BAT_IN Pin=dc-005-1
Added Pin To Net: NetName=BAT_IN Pin=MTS-2
Added Net: Name=BAT_IN
Added Pin To Net: NetName=BOOT0 Pin=Rk1-2
Added Pin To Net: NetName=BOOT0 Pin=Uh1-60
Added Net: Name=BOOT0
Added Pin To Net: NetName=BOOT1 Pin=Rk2-2
Added Pin To Net: NetName=BOOT1 Pin=Uh1-28
Added Net: Name=BOOT1
Added Pin To Net: NetName=GND Pin=ad1-2
Added Pin To Net: NetName=GND Pin=ad2-2
Added Pin To Net: NetName=GND Pin=ad3-2
Added Pin To Net: NetName=GND Pin=BT1-2
Added Pin To Net: NetName=GND Pin=can1-2
Added Pin To Net: NetName=GND Pin=can1-8
Added Pin To Net: NetName=GND Pin=cc1-1
Added Pin To Net: NetName=GND Pin=ch1-1
Added Pin To Net: NetName=GND Pin=ch2-2
Added Pin To Net: NetName=GND Pin=ch3-2
Added Pin To Net: NetName=GND Pin=ch4-1
Added Pin To Net: NetName=GND Pin=Cm1-1
Added Pin To Net: NetName=GND Pin=Cm2-1
Added Pin To Net: NetName=GND Pin=Cm4-1
Added Pin To Net: NetName=GND Pin=cm7-1
Added Pin To Net: NetName=GND Pin=cm8-1
Added Pin To Net: NetName=GND Pin=dc-005-2
Added Pin To Net: NetName=GND Pin=dc-005-3
Added Pin To Net: NetName=GND Pin=dj1-2
Added Pin To Net: NetName=GND Pin=dj1-3
Added Pin To Net: NetName=GND Pin=dj2-2
Added Pin To Net: NetName=GND Pin=dj2-3
Added Pin To Net: NetName=GND Pin=dj3-3
Added Pin To Net: NetName=GND Pin=dj4-3
Added Pin To Net: NetName=GND Pin=dsc1-2
Added Pin To Net: NetName=GND Pin=ESP-2
Added Pin To Net: NetName=GND Pin=espc1-2
Added Pin To Net: NetName=GND Pin=gq-2
Added Pin To Net: NetName=GND Pin=Js1-4
Added Pin To Net: NetName=GND Pin=keyC1-1
Added Pin To Net: NetName=GND Pin=keyC2-1
Added Pin To Net: NetName=GND Pin=keyC3-1
Added Pin To Net: NetName=GND Pin=keyC4-1
Added Pin To Net: NetName=GND Pin=keyC5-1
Added Pin To Net: NetName=GND Pin=kga1-2
Added Pin To Net: NetName=GND Pin=kgb1-2
Added Pin To Net: NetName=GND Pin=Kx-1
Added Pin To Net: NetName=GND Pin=MOS1-2
Added Pin To Net: NetName=GND Pin=MOS2-2
Added Pin To Net: NetName=GND Pin=MOS3-2
Added Pin To Net: NetName=GND Pin=MOS4-2
Added Pin To Net: NetName=GND Pin=pc2-1
Added Pin To Net: NetName=GND Pin=pc3-1
Added Pin To Net: NetName=GND Pin=pc4-1
Added Pin To Net: NetName=GND Pin=pc5-1
Added Pin To Net: NetName=GND Pin=pc6-2
Added Pin To Net: NetName=GND Pin=pc8-2
Added Pin To Net: NetName=GND Pin=pc9-2
Added Pin To Net: NetName=GND Pin=pc10-1
Added Pin To Net: NetName=GND Pin=pc11-2
Added Pin To Net: NetName=GND Pin=pc12-1
Added Pin To Net: NetName=GND Pin=pd1-1
Added Pin To Net: NetName=GND Pin=pd2-1
Added Pin To Net: NetName=GND Pin=pk1-2
Added Pin To Net: NetName=GND Pin=pk4-2
Added Pin To Net: NetName=GND Pin=pk5-1
Added Pin To Net: NetName=GND Pin=pk8-2
Added Pin To Net: NetName=GND Pin=pled1-2
Added Pin To Net: NetName=GND Pin=qca1-2
Added Pin To Net: NetName=GND Pin=qca2-2
Added Pin To Net: NetName=GND Pin=qca3-2
Added Pin To Net: NetName=GND Pin=qca4-1
Added Pin To Net: NetName=GND Pin=qcb1-2
Added Pin To Net: NetName=GND Pin=qcb2-2
Added Pin To Net: NetName=GND Pin=qcb3-2
Added Pin To Net: NetName=GND Pin=qcb4-1
Added Pin To Net: NetName=GND Pin=qda1-1
Added Pin To Net: NetName=GND Pin=qda3-1
Added Pin To Net: NetName=GND Pin=qdb1-1
Added Pin To Net: NetName=GND Pin=qdb3-1
Added Pin To Net: NetName=GND Pin=qka3-2
Added Pin To Net: NetName=GND Pin=qkb3-2
Added Pin To Net: NetName=GND Pin=qxa1-1
Added Pin To Net: NetName=GND Pin=qxb1-1
Added Pin To Net: NetName=GND Pin=qy-2
Added Pin To Net: NetName=GND Pin=Rdj2-2
Added Pin To Net: NetName=GND Pin=Rjsq2-2
Added Pin To Net: NetName=GND Pin=Rk1-1
Added Pin To Net: NetName=GND Pin=Rk2-1
Added Pin To Net: NetName=GND Pin=Rled2-2
Added Pin To Net: NetName=GND Pin=Rm9-2
Added Pin To Net: NetName=GND Pin=rm10-1
Added Pin To Net: NetName=GND Pin=Rmos2-2
Added Pin To Net: NetName=GND Pin=S-1
Added Pin To Net: NetName=GND Pin=S-7
Added Pin To Net: NetName=GND Pin=SH1-1
Added Pin To Net: NetName=GND Pin=U1-4
Added Pin To Net: NetName=GND Pin=U1-9
Added Pin To Net: NetName=GND Pin=U2-5
Added Pin To Net: NetName=GND Pin=U2-6
Added Pin To Net: NetName=GND Pin=U2-7
Added Pin To Net: NetName=GND Pin=U2-8
Added Pin To Net: NetName=GND Pin=U2-9
Added Pin To Net: NetName=GND Pin=U2-10
Added Pin To Net: NetName=GND Pin=U2-11
Added Pin To Net: NetName=GND Pin=U2-12
Added Pin To Net: NetName=GND Pin=U2-13
Added Pin To Net: NetName=GND Pin=U5-1
Added Pin To Net: NetName=GND Pin=U5-11
Added Pin To Net: NetName=GND Pin=U5-18
Added Pin To Net: NetName=GND Pin=Uh1-12
Added Pin To Net: NetName=GND Pin=Uh1-18
Added Pin To Net: NetName=GND Pin=Uh1-31
Added Pin To Net: NetName=GND Pin=Uh1-47
Added Pin To Net: NetName=GND Pin=Uh1-63
Added Pin To Net: NetName=GND Pin=Up1-1
Added Pin To Net: NetName=GND Pin=USB-5
Added Pin To Net: NetName=GND Pin=wsd-2
Added Pin To Net: NetName=GND Pin=wx1-3
Added Pin To Net: NetName=GND Pin=wx2-3
Added Pin To Net: NetName=GND Pin=X1-2
Added Net: Name=GND
Added Pin To Net: NetName=KEY1 Pin=Key1-1
Added Pin To Net: NetName=KEY1 Pin=keyC1-2
Added Pin To Net: NetName=KEY1 Pin=Kx-2
Added Pin To Net: NetName=KEY1 Pin=Uh1-8
Added Net: Name=KEY1
Added Pin To Net: NetName=KEY2 Pin=Key2-1
Added Pin To Net: NetName=KEY2 Pin=keyC2-2
Added Pin To Net: NetName=KEY2 Pin=Kx-3
Added Pin To Net: NetName=KEY2 Pin=Uh1-9
Added Net: Name=KEY2
Added Pin To Net: NetName=KEY3 Pin=Key3-1
Added Pin To Net: NetName=KEY3 Pin=keyC3-2
Added Pin To Net: NetName=KEY3 Pin=Kx-6
Added Pin To Net: NetName=KEY3 Pin=Uh1-4
Added Net: Name=KEY3
Added Pin To Net: NetName=KEY4 Pin=Key4-1
Added Pin To Net: NetName=KEY4 Pin=keyC4-2
Added Pin To Net: NetName=KEY4 Pin=Kx-5
Added Pin To Net: NetName=KEY4 Pin=Uh1-3
Added Net: Name=KEY4
Added Pin To Net: NetName=KEY5 Pin=Key5-1
Added Pin To Net: NetName=KEY5 Pin=keyC5-2
Added Pin To Net: NetName=KEY5 Pin=Kx-4
Added Pin To Net: NetName=KEY5 Pin=Uh1-2
Added Net: Name=KEY5
Added Pin To Net: NetName=M1-OUT1 Pin=dj1-1
Added Pin To Net: NetName=M1-OUT1 Pin=qca5-2
Added Pin To Net: NetName=M1-OUT1 Pin=qda1-2
Added Pin To Net: NetName=M1-OUT1 Pin=qda2-1
Added Pin To Net: NetName=M1-OUT1 Pin=qxa1-6
Added Net: Name=M1-OUT1
Added Pin To Net: NetName=M1-OUT2 Pin=1da4-1
Added Pin To Net: NetName=M1-OUT2 Pin=dj1-4
Added Pin To Net: NetName=M1-OUT2 Pin=qca5-1
Added Pin To Net: NetName=M1-OUT2 Pin=qda3-2
Added Pin To Net: NetName=M1-OUT2 Pin=qxa1-8
Added Net: Name=M1-OUT2
Added Pin To Net: NetName=M2-OUT1 Pin=dj2-1
Added Pin To Net: NetName=M2-OUT1 Pin=qcb5-2
Added Pin To Net: NetName=M2-OUT1 Pin=qdb1-2
Added Pin To Net: NetName=M2-OUT1 Pin=qdb2-1
Added Pin To Net: NetName=M2-OUT1 Pin=qxb1-6
Added Net: Name=M2-OUT1
Added Pin To Net: NetName=M2-OUT2 Pin=1db4-1
Added Pin To Net: NetName=M2-OUT2 Pin=dj2-4
Added Pin To Net: NetName=M2-OUT2 Pin=qcb5-1
Added Pin To Net: NetName=M2-OUT2 Pin=qdb3-2
Added Pin To Net: NetName=M2-OUT2 Pin=qxb1-8
Added Net: Name=M2-OUT2
Added Pin To Net: NetName=Net1da4_2 Pin=1da4-2
Added Pin To Net: NetName=Net1da4_2 Pin=qda2-2
Added Net: Name=Net1da4_2
Added Pin To Net: NetName=Net1db4_2 Pin=1db4-2
Added Pin To Net: NetName=Net1db4_2 Pin=qdb2-2
Added Net: Name=Net1db4_2
Added Pin To Net: NetName=NetBT1_1 Pin=BT1-1
Added Pin To Net: NetName=NetBT1_1 Pin=dsc1-1
Added Pin To Net: NetName=NetBT1_1 Pin=U2-14
Added Net: Name=NetBT1_1
Added Pin To Net: NetName=Netcan1_6 Pin=can1-6
Added Pin To Net: NetName=Netcan1_6 Pin=jx-2
Added Pin To Net: NetName=Netcan1_6 Pin=kc1-1
Added Net: Name=Netcan1_6
Added Pin To Net: NetName=Netcan1_7 Pin=can1-7
Added Pin To Net: NetName=Netcan1_7 Pin=jx-1
Added Pin To Net: NetName=Netcan1_7 Pin=kc1-2
Added Net: Name=Netcan1_7
Added Pin To Net: NetName=NetCm2_2 Pin=Cm2-2
Added Pin To Net: NetName=NetCm2_2 Pin=U5-20
Added Net: Name=NetCm2_2
Added Pin To Net: NetName=NetCm4_2 Pin=Cm4-2
Added Pin To Net: NetName=NetCm4_2 Pin=U5-10
Added Net: Name=NetCm4_2
Added Pin To Net: NetName=NetDe1_1 Pin=De1-1
Added Pin To Net: NetName=NetDe1_1 Pin=MOS1-3
Added Pin To Net: NetName=NetDe1_1 Pin=PFMQ-2
Added Net: Name=NetDe1_1
Added Pin To Net: NetName=NetDe2_1 Pin=De2-1
Added Pin To Net: NetName=NetDe2_1 Pin=JSQ-2
Added Pin To Net: NetName=NetDe2_1 Pin=MOS2-3
Added Net: Name=NetDe2_1
Added Pin To Net: NetName=NetDe3_1 Pin=De3-1
Added Pin To Net: NetName=NetDe3_1 Pin=LED-2
Added Pin To Net: NetName=NetDe3_1 Pin=MOS3-3
Added Net: Name=NetDe3_1
Added Pin To Net: NetName=NetDe4_1 Pin=De4-1
Added Pin To Net: NetName=NetDe4_1 Pin=DJ-2
Added Pin To Net: NetName=NetDe4_1 Pin=MOS4-3
Added Net: Name=NetDe4_1
Added Pin To Net: NetName=Netkga1_1 Pin=kga1-1
Added Pin To Net: NetName=Netkga1_1 Pin=qka1-1
Added Pin To Net: NetName=Netkga1_1 Pin=qxa1-3
Added Net: Name=Netkga1_1
Added Pin To Net: NetName=Netkga1_3 Pin=kga1-3
Added Pin To Net: NetName=Netkga1_3 Pin=qka2-2
Added Pin To Net: NetName=Netkga1_3 Pin=qxa1-2
Added Net: Name=Netkga1_3
Added Pin To Net: NetName=Netkgb1_1 Pin=kgb1-1
Added Pin To Net: NetName=Netkgb1_1 Pin=qkb1-1
Added Pin To Net: NetName=Netkgb1_1 Pin=qxb1-3
Added Net: Name=Netkgb1_1
Added Pin To Net: NetName=Netkgb1_3 Pin=kgb1-3
Added Pin To Net: NetName=Netkgb1_3 Pin=qkb2-2
Added Pin To Net: NetName=Netkgb1_3 Pin=qxb1-2
Added Net: Name=Netkgb1_3
Added Pin To Net: NetName=NetLED1_1 Pin=RL1-1
Added Net: Name=NetLED1_1
Added Pin To Net: NetName=NetLED3_1 Pin=RL3-1
Added Net: Name=NetLED3_1
Added Pin To Net: NetName=NetMOS1_1 Pin=MOS1-1
Added Pin To Net: NetName=NetMOS1_1 Pin=Rmos1-2
Added Pin To Net: NetName=NetMOS1_1 Pin=Rmos2-1
Added Net: Name=NetMOS1_1
Added Pin To Net: NetName=NetMOS2_1 Pin=MOS2-1
Added Pin To Net: NetName=NetMOS2_1 Pin=Rjsq1-2
Added Pin To Net: NetName=NetMOS2_1 Pin=Rjsq2-1
Added Net: Name=NetMOS2_1
Added Pin To Net: NetName=NetMOS3_1 Pin=MOS3-1
Added Pin To Net: NetName=NetMOS3_1 Pin=Rled1-2
Added Pin To Net: NetName=NetMOS3_1 Pin=Rled2-1
Added Net: Name=NetMOS3_1
Added Pin To Net: NetName=NetMOS4_1 Pin=MOS4-1
Added Pin To Net: NetName=NetMOS4_1 Pin=Rdj1-2
Added Pin To Net: NetName=NetMOS4_1 Pin=Rdj2-1
Added Net: Name=NetMOS4_1
Added Pin To Net: NetName=Netpc1_1 Pin=pc1-1
Added Pin To Net: NetName=Netpc1_1 Pin=pd1-2
Added Pin To Net: NetName=Netpc1_1 Pin=pl1-1
Added Pin To Net: NetName=Netpc1_1 Pin=U1-3
Added Net: Name=Netpc1_1
Added Pin To Net: NetName=Netpc1_2 Pin=pc1-2
Added Pin To Net: NetName=Netpc1_2 Pin=U1-1
Added Net: Name=Netpc1_2
Added Pin To Net: NetName=Netpc6_1 Pin=pc6-1
Added Pin To Net: NetName=Netpc6_1 Pin=U1-8
Added Net: Name=Netpc6_1
Added Pin To Net: NetName=Netpc7_1 Pin=pc7-1
Added Pin To Net: NetName=Netpc7_1 Pin=U1-6
Added Net: Name=Netpc7_1
Added Pin To Net: NetName=Netpc7_2 Pin=pc7-2
Added Pin To Net: NetName=Netpc7_2 Pin=pk5-2
Added Net: Name=Netpc7_2
Added Pin To Net: NetName=Netpk1_1 Pin=pk1-1
Added Pin To Net: NetName=Netpk1_1 Pin=pk2-1
Added Pin To Net: NetName=Netpk1_1 Pin=U1-7
Added Net: Name=Netpk1_1
Added Pin To Net: NetName=Netpk3_1 Pin=pk3-1
Added Pin To Net: NetName=Netpk3_1 Pin=pk4-1
Added Pin To Net: NetName=Netpk3_1 Pin=U1-5
Added Net: Name=Netpk3_1
Added Pin To Net: NetName=Netpk6_2 Pin=pk6-2
Added Pin To Net: NetName=Netpk6_2 Pin=pled1-1
Added Net: Name=Netpk6_2
Added Pin To Net: NetName=Netqka3_1 Pin=qka3-1
Added Pin To Net: NetName=Netqka3_1 Pin=qxa1-7
Added Net: Name=Netqka3_1
Added Pin To Net: NetName=Netqkb3_1 Pin=qkb3-1
Added Pin To Net: NetName=Netqkb3_1 Pin=qxb1-7
Added Net: Name=Netqkb3_1
Added Pin To Net: NetName=NetRm9_1 Pin=Rm9-1
Added Pin To Net: NetName=NetRm9_1 Pin=U5-9
Added Net: Name=NetRm9_1
Added Pin To Net: NetName=NetUh1_5 Pin=Uh1-5
Added Pin To Net: NetName=NetUh1_5 Pin=X1-1
Added Net: Name=NetUh1_5
Added Pin To Net: NetName=NetUh1_6 Pin=Uh1-6
Added Pin To Net: NetName=NetUh1_6 Pin=X1-3
Added Net: Name=NetUh1_6
Added Pin To Net: NetName=Netusbled_1 Pin=usbR1-1
Added Net: Name=Netusbled_1
Added Pin To Net: NetName=NRST Pin=ch1-2
Added Pin To Net: NetName=NRST Pin=RH2-1
Added Pin To Net: NetName=NRST Pin=SH1-2
Added Pin To Net: NetName=NRST Pin=Uh1-7
Added Net: Name=NRST
Added Pin To Net: NetName=PA0 Pin=dj3-2
Added Pin To Net: NetName=PA0 Pin=Uh1-14
Added Net: Name=PA0
Added Pin To Net: NetName=PA1 Pin=dj4-2
Added Pin To Net: NetName=PA1 Pin=Uh1-15
Added Net: Name=PA1
Added Pin To Net: NetName=PA2 Pin=Uh1-16
Added Net: Name=PA2
Added Pin To Net: NetName=PA3 Pin=Uh1-17
Added Net: Name=PA3
Added Pin To Net: NetName=PA4 Pin=pc12-2
Added Pin To Net: NetName=PA4 Pin=pk7-2
Added Pin To Net: NetName=PA4 Pin=pk8-1
Added Pin To Net: NetName=PA4 Pin=Uh1-20
Added Net: Name=PA4
Added Pin To Net: NetName=PA5 Pin=U5-12
Added Pin To Net: NetName=PA5 Pin=Uh1-21
Added Net: Name=PA5
Added Pin To Net: NetName=PA6 Pin=Rmos1-1
Added Pin To Net: NetName=PA6 Pin=Uh1-22
Added Net: Name=PA6
Added Pin To Net: NetName=PA7 Pin=Rjsq1-1
Added Pin To Net: NetName=PA7 Pin=Uh1-23
Added Net: Name=PA7
Added Pin To Net: NetName=PA8 Pin=Uh1-41
Added Net: Name=PA8
Added Pin To Net: NetName=PA9 Pin=Uh1-42
Added Pin To Net: NetName=PA9 Pin=wx1-1
Added Net: Name=PA9
Added Pin To Net: NetName=PA10 Pin=Uh1-43
Added Pin To Net: NetName=PA10 Pin=wx1-2
Added Net: Name=PA10
Added Pin To Net: NetName=PA11 Pin=can1-4
Added Pin To Net: NetName=PA11 Pin=Uh1-44
Added Net: Name=PA11
Added Pin To Net: NetName=PA12 Pin=can1-1
Added Pin To Net: NetName=PA12 Pin=Uh1-45
Added Net: Name=PA12
Added Pin To Net: NetName=PA13 Pin=Js1-2
Added Pin To Net: NetName=PA13 Pin=Uh1-46
Added Net: Name=PA13
Added Pin To Net: NetName=PA14 Pin=Js1-3
Added Pin To Net: NetName=PA14 Pin=Uh1-49
Added Net: Name=PA14
Added Pin To Net: NetName=PA15 Pin=U2-1
Added Pin To Net: NetName=PA15 Pin=Uh1-50
Added Net: Name=PA15
Added Pin To Net: NetName=PB0 Pin=Rled1-1
Added Pin To Net: NetName=PB0 Pin=Uh1-26
Added Net: Name=PB0
Added Pin To Net: NetName=PB1 Pin=Rdj1-1
Added Pin To Net: NetName=PB1 Pin=Uh1-27
Added Net: Name=PB1
Added Pin To Net: NetName=PB3 Pin=Uh1-55
Added Net: Name=PB3
Added Pin To Net: NetName=PB4 Pin=Uh1-56
Added Pin To Net: NetName=PB4 Pin=wsd-3
Added Net: Name=PB4
Added Pin To Net: NetName=PB5 Pin=Uh1-57
Added Pin To Net: NetName=PB5 Pin=wsd-4
Added Net: Name=PB5
Added Pin To Net: NetName=PB6 Pin=Rm1-1
Added Pin To Net: NetName=PB6 Pin=U5-23
Added Pin To Net: NetName=PB6 Pin=Uh1-58
Added Net: Name=PB6
Added Pin To Net: NetName=PB7 Pin=Rm2-1
Added Pin To Net: NetName=PB7 Pin=U5-24
Added Pin To Net: NetName=PB7 Pin=Uh1-59
Added Net: Name=PB7
Added Pin To Net: NetName=PB8 Pin=U2-16
Added Pin To Net: NetName=PB8 Pin=Uh1-61
Added Net: Name=PB8
Added Pin To Net: NetName=PB9 Pin=U2-15
Added Pin To Net: NetName=PB9 Pin=Uh1-62
Added Net: Name=PB9
Added Pin To Net: NetName=PB10 Pin=ESP-8
Added Pin To Net: NetName=PB10 Pin=Uh1-29
Added Net: Name=PB10
Added Pin To Net: NetName=PB11 Pin=ESP-1
Added Pin To Net: NetName=PB11 Pin=Uh1-30
Added Net: Name=PB11
Added Pin To Net: NetName=PB12 Pin=kga1-6
Added Pin To Net: NetName=PB12 Pin=Uh1-33
Added Net: Name=PB12
Added Pin To Net: NetName=PB13 Pin=kgb1-6
Added Pin To Net: NetName=PB13 Pin=Uh1-34
Added Net: Name=PB13
Added Pin To Net: NetName=PB14 Pin=qy-3
Added Pin To Net: NetName=PB14 Pin=Uh1-35
Added Net: Name=PB14
Added Pin To Net: NetName=PB15 Pin=qy-4
Added Pin To Net: NetName=PB15 Pin=Uh1-36
Added Net: Name=PB15
Added Pin To Net: NetName=PC2 Pin=ad1-4
Added Pin To Net: NetName=PC2 Pin=Uh1-10
Added Net: Name=PC2
Added Pin To Net: NetName=PC3 Pin=ad2-4
Added Pin To Net: NetName=PC3 Pin=Uh1-11
Added Net: Name=PC3
Added Pin To Net: NetName=PC4 Pin=ad3-4
Added Pin To Net: NetName=PC4 Pin=Uh1-24
Added Net: Name=PC4
Added Pin To Net: NetName=PC5 Pin=Uh1-25
Added Pin To Net: NetName=PC5 Pin=wx2-2
Added Net: Name=PC5
Added Pin To Net: NetName=PC6 Pin=kga1-4
Added Pin To Net: NetName=PC6 Pin=Uh1-37
Added Net: Name=PC6
Added Pin To Net: NetName=PC7 Pin=kgb1-4
Added Pin To Net: NetName=PC7 Pin=Uh1-38
Added Net: Name=PC7
Added Pin To Net: NetName=PC8 Pin=gq-3
Added Pin To Net: NetName=PC8 Pin=Uh1-39
Added Net: Name=PC8
Added Pin To Net: NetName=PC9 Pin=gq-4
Added Pin To Net: NetName=PC9 Pin=Uh1-40
Added Net: Name=PC9
Added Pin To Net: NetName=PC10 Pin=S-6
Added Pin To Net: NetName=PC10 Pin=Uh1-51
Added Net: Name=PC10
Added Pin To Net: NetName=PC11 Pin=S-5
Added Pin To Net: NetName=PC11 Pin=Uh1-52
Added Net: Name=PC11
Added Pin To Net: NetName=PC12 Pin=S-4
Added Pin To Net: NetName=PC12 Pin=Uh1-53
Added Net: Name=PC12
Added Pin To Net: NetName=PD2 Pin=S-3
Added Pin To Net: NetName=PD2 Pin=Uh1-54
Added Net: Name=PD2
Added Pin To Net: NetName=USB5V Pin=TM-2
Added Pin To Net: NetName=USB5V Pin=USB-1
Added Pin To Net: NetName=USB5V Pin=usbR1-2
Added Net: Name=USB5V
Added Pin To Net: NetName=VCC_IN Pin=MTS-1
Added Pin To Net: NetName=VCC_IN Pin=pf1-1
Added Net: Name=VCC_IN
Added Pin To Net: NetName=VCC Pin=pc2-2
Added Pin To Net: NetName=VCC Pin=pc3-2
Added Pin To Net: NetName=VCC Pin=pc9-1
Added Pin To Net: NetName=VCC Pin=pc10-2
Added Pin To Net: NetName=VCC Pin=pc11-1
Added Pin To Net: NetName=VCC Pin=pd2-2
Added Pin To Net: NetName=VCC Pin=pf1-2
Added Pin To Net: NetName=VCC Pin=pk2-2
Added Pin To Net: NetName=VCC Pin=pk7-1
Added Pin To Net: NetName=VCC Pin=qca2-1
Added Pin To Net: NetName=VCC Pin=qca3-1
Added Pin To Net: NetName=VCC Pin=qcb2-1
Added Pin To Net: NetName=VCC Pin=qcb3-1
Added Pin To Net: NetName=VCC Pin=qxa1-5
Added Pin To Net: NetName=VCC Pin=qxb1-5
Added Pin To Net: NetName=VCC Pin=U1-2
Added Net: Name=VCC
Added Class: Name=environment
Added Room: Name=environment
