Added Component: Designator=1da4(SOD-123)
Added Component: Designator=1db4(SOD-123)
Added Component: Designator=1dc4(SOD-123)
Added Component: Designator=1dd4(SOD-123)
Added Component: Designator=can1(SOIC-8)
Added Component: Designator=cc1(C0603)
Added Component: Designator=ch1(C0603)
Added Component: Designator=ch2(C0603)
Added Component: Designator=ch3(C0603)
Added Component: Designator=ch4(C0603)
Added Component: Designator=cj(HDR1X4)
Added Component: Designator=Ckey6(C0603)
Added Component: Designator=Ckey7(C0603)
Added Component: Designator=Cm1(C0603)
Added Component: Designator=Cm2(C0603)
Added Component: Designator=Cm4(C0603)
Added Component: Designator=Cm7(C0603)
Added Component: Designator=Cm8(C0603)
Added Component: Designator=dc-005(DC-005)
Added Component: Designator=De1(SOD-323)
Added Component: Designator=espc1(C0603)
Added Component: Designator=ESP(HDE2X4_2.54)
Added Component: Designator=Js1(1X4_1_25)
Added Component: Designator=jx(HDR1X2_2.54)
Added Component: Designator=kc1(R0603)
Added Component: Designator=Key1(R0603)
Added Component: Designator=Key2(R0603)
Added Component: Designator=Key3(R0603)
Added Component: Designator=Key4(R0603)
Added Component: Designator=Key5(R0603)
Added Component: Designator=key6(KEY1)
Added Component: Designator=key7(KEY1)
Added Component: Designator=keyC1(C0603)
Added Component: Designator=keyC2(C0603)
Added Component: Designator=keyC3(C0603)
Added Component: Designator=keyC4(C0603)
Added Component: Designator=keyC5(C0603)
Added Component: Designator=kga1(SOT-363)
Added Component: Designator=kgb1(SOT-363)
Added Component: Designator=kgc1(SOT-363)
Added Component: Designator=kgd1(SOT-363)
Added Component: Designator=Kx(daohangKey)
Added Component: Designator=LED1(L0603)
Added Component: Designator=LED2(L0603)
Added Component: Designator=LED3(L0603)
Added Component: Designator=ledaDe1(SOD-323)
Added Component: Designator=ledar1(0603P)
Added Component: Designator=ledar2(0603P)
Added Component: Designator=leda(HDR1X2_2.54)
Added Component: Designator=ledbMOS1(SO-G3/C2.5)
Added Component: Designator=MOS1(SO-G3/C2.5)
Added Component: Designator=MTS(MTS-102)
Added Component: Designator=pc1(C0603)
Added Component: Designator=pc2(1206)
Added Component: Designator=pc3(1206)
Added Component: Designator=pc4(C0603)
Added Component: Designator=pc5(C0603)
Added Component: Designator=pc6(C0603)
Added Component: Designator=pc7(C0603)
Added Component: Designator=pc8(C1206ог)
Added Component: Designator=pc9(CED10)
Added Component: Designator=pc10(C0603)
Added Component: Designator=pc11(CED10)
Added Component: Designator=pc12(C0603)
Added Component: Designator=pd1(SMA(DO-214AC))
Added Component: Designator=pd2(SMA(DO-214AC))
Added Component: Designator=pf1(2410)
Added Component: Designator=PFMQ(FMQ_tp)
Added Component: Designator=pk1(R0603)
Added Component: Designator=pk2(R0603)
Added Component: Designator=pk3(R0603)
Added Component: Designator=pk4(R0603)
Added Component: Designator=pk5(R0603)
Added Component: Designator=pk6(R0603)
Added Component: Designator=pk7(R0603)
Added Component: Designator=pk8(R0603)
Added Component: Designator=pl1(6028)
Added Component: Designator=pled1(LED0603)
Added Component: Designator=qca1(C0603)
Added Component: Designator=qca2(C0603)
Added Component: Designator=qca3(C1206ог)
Added Component: Designator=qca4(C0603)
Added Component: Designator=qca5(C0603)
Added Component: Designator=qcb1(C0603)
Added Component: Designator=qcb2(C0603)
Added Component: Designator=qcb3(CED8)
Added Component: Designator=qcb4(C0603)
Added Component: Designator=qcb5(C0603)
Added Component: Designator=qcc1(C0603)
Added Component: Designator=qcc2(C0603)
Added Component: Designator=qcc3(CED8)
Added Component: Designator=qcc4(C0603)
Added Component: Designator=qcc5(C0603)
Added Component: Designator=qcd1(C0603)
Added Component: Designator=qcd2(C0603)
Added Component: Designator=qcd3(CED8)
Added Component: Designator=qcd4(C0603)
Added Component: Designator=qcd5(C0603)
Added Component: Designator=qda1(SOD-123)
Added Component: Designator=qda2(SOD-123)
Added Component: Designator=qda3(SOD-123)
Added Component: Designator=qdb1(SOD-123)
Added Component: Designator=qdb2(SOD-123)
Added Component: Designator=qdb3(SOD-123)
Added Component: Designator=qdc1(SOD-123)
Added Component: Designator=qdc2(SOD-123)
Added Component: Designator=qdc3(SOD-123)
Added Component: Designator=qdd1(SOD-123)
Added Component: Designator=qdd2(SOD-123)
Added Component: Designator=qdd3(SOD-123)
Added Component: Designator=qha1(HDR1X4)
Added Component: Designator=qhb1(HDR1X4)
Added Component: Designator=qhc1(HDR1X4)
Added Component: Designator=qhd1(HDR1X4)
Added Component: Designator=qka1(R0603)
Added Component: Designator=qka2(R0603)
Added Component: Designator=qka3(2512)
Added Component: Designator=qkb1(R0603)
Added Component: Designator=qkb2(R0603)
Added Component: Designator=qkb3(2512)
Added Component: Designator=qkc1(R0603)
Added Component: Designator=qkc2(R0603)
Added Component: Designator=qkc3(2512)
Added Component: Designator=qkd1(R0603)
Added Component: Designator=qkd2(R0603)
Added Component: Designator=qkd3(2512)
Added Component: Designator=qxa1(SOIC-8)
Added Component: Designator=qxb1(SOIC-8)
Added Component: Designator=qxc1(SOIC-8)
Added Component: Designator=qxd1(SOIC-8)
Added Component: Designator=RH2(R0603)
Added Component: Designator=Rk1(R0603)
Added Component: Designator=Rk2(R0603)
Added Component: Designator=Rkey6(R0603)
Added Component: Designator=Rkey7(R0603)
Added Component: Designator=RL1(0603P)
Added Component: Designator=RL2(R0603)
Added Component: Designator=RL3(R0603)
Added Component: Designator=Rm1(R0603)
Added Component: Designator=Rm2(R0603)
Added Component: Designator=Rm9(R0603)
Added Component: Designator=Rm10(R0603)
Added Component: Designator=Rmos1(0603P)
Added Component: Designator=Rmos2(0603P)
Added Component: Designator=SH1(KEY1)
Added Component: Designator=S(HDR1X7_2.54)
Added Component: Designator=TM(HDR1X2_2.54)
Added Component: Designator=U1(MP2303A)
Added Component: Designator=U5(QFN24)
Added Component: Designator=Uh1(LQFP64)
Added Component: Designator=Up1(LC-SOT-223)
Added Component: Designator=usart(SOIC-8)
Added Component: Designator=usbc1(C0603)
Added Component: Designator=USB(MICRO_USB5P_SOP)
Added Component: Designator=wx1(HDR1X4)
Added Component: Designator=X1(XTAL3215)
Added Pin To Net: NetName=3V3 Pin=can1-3
Added Pin To Net: NetName=3V3 Pin=cc1-2
Added Pin To Net: NetName=3V3 Pin=ch2-1
Added Pin To Net: NetName=3V3 Pin=ch3-1
Added Pin To Net: NetName=3V3 Pin=ch4-2
Added Pin To Net: NetName=3V3 Pin=cj-1
Added Pin To Net: NetName=3V3 Pin=Cm1-2
Added Pin To Net: NetName=3V3 Pin=Cm7-2
Added Pin To Net: NetName=3V3 Pin=Cm8-2
Added Pin To Net: NetName=3V3 Pin=ESP-3
Added Pin To Net: NetName=3V3 Pin=ESP-4
Added Pin To Net: NetName=3V3 Pin=ESP-6
Added Pin To Net: NetName=3V3 Pin=ESP-7
Added Pin To Net: NetName=3V3 Pin=espc1-1
Added Pin To Net: NetName=3V3 Pin=Js1-1
Added Pin To Net: NetName=3V3 Pin=Key1-2
Added Pin To Net: NetName=3V3 Pin=Key2-2
Added Pin To Net: NetName=3V3 Pin=Key3-2
Added Pin To Net: NetName=3V3 Pin=Key4-2
Added Pin To Net: NetName=3V3 Pin=Key5-2
Added Pin To Net: NetName=3V3 Pin=kga1-5
Added Pin To Net: NetName=3V3 Pin=kgb1-5
Added Pin To Net: NetName=3V3 Pin=kgc1-5
Added Pin To Net: NetName=3V3 Pin=kgd1-5
Added Pin To Net: NetName=3V3 Pin=pc8-1
Added Pin To Net: NetName=3V3 Pin=qca4-2
Added Pin To Net: NetName=3V3 Pin=qcb4-2
Added Pin To Net: NetName=3V3 Pin=qcc4-2
Added Pin To Net: NetName=3V3 Pin=qcd4-2
Added Pin To Net: NetName=3V3 Pin=qka1-2
Added Pin To Net: NetName=3V3 Pin=qka2-1
Added Pin To Net: NetName=3V3 Pin=qkb1-2
Added Pin To Net: NetName=3V3 Pin=qkb2-1
Added Pin To Net: NetName=3V3 Pin=qkc1-2
Added Pin To Net: NetName=3V3 Pin=qkc2-1
Added Pin To Net: NetName=3V3 Pin=qkd1-2
Added Pin To Net: NetName=3V3 Pin=qkd2-1
Added Pin To Net: NetName=3V3 Pin=RH2-2
Added Pin To Net: NetName=3V3 Pin=Rkey6-2
Added Pin To Net: NetName=3V3 Pin=Rkey7-2
Added Pin To Net: NetName=3V3 Pin=RL1-2
Added Pin To Net: NetName=3V3 Pin=RL2-2
Added Pin To Net: NetName=3V3 Pin=RL3-2
Added Pin To Net: NetName=3V3 Pin=Rm1-2
Added Pin To Net: NetName=3V3 Pin=Rm2-2
Added Pin To Net: NetName=3V3 Pin=Rm10-2
Added Pin To Net: NetName=3V3 Pin=S-2
Added Pin To Net: NetName=3V3 Pin=U5-8
Added Pin To Net: NetName=3V3 Pin=U5-13
Added Pin To Net: NetName=3V3 Pin=Uh1-1
Added Pin To Net: NetName=3V3 Pin=Uh1-13
Added Pin To Net: NetName=3V3 Pin=Uh1-19
Added Pin To Net: NetName=3V3 Pin=Uh1-32
Added Pin To Net: NetName=3V3 Pin=Uh1-48
Added Pin To Net: NetName=3V3 Pin=Uh1-64
Added Pin To Net: NetName=3V3 Pin=Up1-2
Added Pin To Net: NetName=3V3 Pin=Up1-4
Added Pin To Net: NetName=3V3 Pin=usart-5
Added Pin To Net: NetName=3V3 Pin=usart-8
Added Pin To Net: NetName=3V3 Pin=usbc1-2
Added Pin To Net: NetName=3V3 Pin=wx1-4
Added Net: Name=3V3
Added Pin To Net: NetName=5V Pin=De1-2
Added Pin To Net: NetName=5V Pin=leda-1
Added Pin To Net: NetName=5V Pin=ledaDe1-2
Added Pin To Net: NetName=5V Pin=pc4-2
Added Pin To Net: NetName=5V Pin=pc5-2
Added Pin To Net: NetName=5V Pin=PFMQ-1
Added Pin To Net: NetName=5V Pin=pk3-2
Added Pin To Net: NetName=5V Pin=pk6-1
Added Pin To Net: NetName=5V Pin=pl1-2
Added Pin To Net: NetName=5V Pin=qca1-1
Added Pin To Net: NetName=5V Pin=qcb1-1
Added Pin To Net: NetName=5V Pin=qcc1-1
Added Pin To Net: NetName=5V Pin=qcd1-1
Added Pin To Net: NetName=5V Pin=qxa1-4
Added Pin To Net: NetName=5V Pin=qxb1-4
Added Pin To Net: NetName=5V Pin=qxc1-4
Added Pin To Net: NetName=5V Pin=qxd1-4
Added Pin To Net: NetName=5V Pin=TM-1
Added Pin To Net: NetName=5V Pin=Up1-3
Added Net: Name=5V
Added Pin To Net: NetName=BAT_IN Pin=dc-005-1
Added Pin To Net: NetName=BAT_IN Pin=MTS-1
Added Net: Name=BAT_IN
Added Pin To Net: NetName=BOOT0 Pin=Rk1-2
Added Pin To Net: NetName=BOOT0 Pin=Uh1-60
Added Net: Name=BOOT0
Added Pin To Net: NetName=BOOT1 Pin=Rk2-2
Added Pin To Net: NetName=BOOT1 Pin=Uh1-28
Added Net: Name=BOOT1
Added Pin To Net: NetName=GND Pin=can1-2
Added Pin To Net: NetName=GND Pin=can1-8
Added Pin To Net: NetName=GND Pin=cc1-1
Added Pin To Net: NetName=GND Pin=ch1-1
Added Pin To Net: NetName=GND Pin=ch2-2
Added Pin To Net: NetName=GND Pin=ch3-2
Added Pin To Net: NetName=GND Pin=ch4-1
Added Pin To Net: NetName=GND Pin=cj-2
Added Pin To Net: NetName=GND Pin=Ckey6-1
Added Pin To Net: NetName=GND Pin=Ckey7-1
Added Pin To Net: NetName=GND Pin=Cm1-1
Added Pin To Net: NetName=GND Pin=Cm2-1
Added Pin To Net: NetName=GND Pin=Cm4-1
Added Pin To Net: NetName=GND Pin=Cm7-1
Added Pin To Net: NetName=GND Pin=Cm8-1
Added Pin To Net: NetName=GND Pin=dc-005-2
Added Pin To Net: NetName=GND Pin=dc-005-3
Added Pin To Net: NetName=GND Pin=ESP-2
Added Pin To Net: NetName=GND Pin=espc1-2
Added Pin To Net: NetName=GND Pin=Js1-4
Added Pin To Net: NetName=GND Pin=key6-1
Added Pin To Net: NetName=GND Pin=key7-1
Added Pin To Net: NetName=GND Pin=keyC1-1
Added Pin To Net: NetName=GND Pin=keyC2-1
Added Pin To Net: NetName=GND Pin=keyC3-1
Added Pin To Net: NetName=GND Pin=keyC4-1
Added Pin To Net: NetName=GND Pin=keyC5-1
Added Pin To Net: NetName=GND Pin=kga1-2
Added Pin To Net: NetName=GND Pin=kgb1-2
Added Pin To Net: NetName=GND Pin=kgc1-2
Added Pin To Net: NetName=GND Pin=kgd1-2
Added Pin To Net: NetName=GND Pin=Kx-1
Added Pin To Net: NetName=GND Pin=ledar2-2
Added Pin To Net: NetName=GND Pin=ledbMOS1-2
Added Pin To Net: NetName=GND Pin=MOS1-2
Added Pin To Net: NetName=GND Pin=pc2-1
Added Pin To Net: NetName=GND Pin=pc3-1
Added Pin To Net: NetName=GND Pin=pc4-1
Added Pin To Net: NetName=GND Pin=pc5-1
Added Pin To Net: NetName=GND Pin=pc6-2
Added Pin To Net: NetName=GND Pin=pc8-2
Added Pin To Net: NetName=GND Pin=pc9-2
Added Pin To Net: NetName=GND Pin=pc10-1
Added Pin To Net: NetName=GND Pin=pc11-2
Added Pin To Net: NetName=GND Pin=pc12-1
Added Pin To Net: NetName=GND Pin=pd1-1
Added Pin To Net: NetName=GND Pin=pd2-1
Added Pin To Net: NetName=GND Pin=pk1-2
Added Pin To Net: NetName=GND Pin=pk4-2
Added Pin To Net: NetName=GND Pin=pk5-1
Added Pin To Net: NetName=GND Pin=pk8-2
Added Pin To Net: NetName=GND Pin=pled1-2
Added Pin To Net: NetName=GND Pin=qca1-2
Added Pin To Net: NetName=GND Pin=qca2-2
Added Pin To Net: NetName=GND Pin=qca3-2
Added Pin To Net: NetName=GND Pin=qca4-1
Added Pin To Net: NetName=GND Pin=qcb1-2
Added Pin To Net: NetName=GND Pin=qcb2-2
Added Pin To Net: NetName=GND Pin=qcb3-2
Added Pin To Net: NetName=GND Pin=qcb4-1
Added Pin To Net: NetName=GND Pin=qcc1-2
Added Pin To Net: NetName=GND Pin=qcc2-2
Added Pin To Net: NetName=GND Pin=qcc3-2
Added Pin To Net: NetName=GND Pin=qcc4-1
Added Pin To Net: NetName=GND Pin=qcd1-2
Added Pin To Net: NetName=GND Pin=qcd2-2
Added Pin To Net: NetName=GND Pin=qcd3-2
Added Pin To Net: NetName=GND Pin=qcd4-1
Added Pin To Net: NetName=GND Pin=qda1-1
Added Pin To Net: NetName=GND Pin=qda3-1
Added Pin To Net: NetName=GND Pin=qdb1-1
Added Pin To Net: NetName=GND Pin=qdb3-1
Added Pin To Net: NetName=GND Pin=qdc1-1
Added Pin To Net: NetName=GND Pin=qdc3-1
Added Pin To Net: NetName=GND Pin=qdd1-1
Added Pin To Net: NetName=GND Pin=qdd3-1
Added Pin To Net: NetName=GND Pin=qha1-2
Added Pin To Net: NetName=GND Pin=qhb1-2
Added Pin To Net: NetName=GND Pin=qhc1-2
Added Pin To Net: NetName=GND Pin=qhd1-2
Added Pin To Net: NetName=GND Pin=qka3-2
Added Pin To Net: NetName=GND Pin=qkb3-2
Added Pin To Net: NetName=GND Pin=qkc3-2
Added Pin To Net: NetName=GND Pin=qkd3-2
Added Pin To Net: NetName=GND Pin=qxa1-1
Added Pin To Net: NetName=GND Pin=qxb1-1
Added Pin To Net: NetName=GND Pin=qxc1-1
Added Pin To Net: NetName=GND Pin=qxd1-1
Added Pin To Net: NetName=GND Pin=Rk1-1
Added Pin To Net: NetName=GND Pin=Rk2-1
Added Pin To Net: NetName=GND Pin=Rm9-2
Added Pin To Net: NetName=GND Pin=Rm10-1
Added Pin To Net: NetName=GND Pin=Rmos2-2
Added Pin To Net: NetName=GND Pin=S-1
Added Pin To Net: NetName=GND Pin=S-7
Added Pin To Net: NetName=GND Pin=SH1-1
Added Pin To Net: NetName=GND Pin=U1-4
Added Pin To Net: NetName=GND Pin=U1-9
Added Pin To Net: NetName=GND Pin=U5-1
Added Pin To Net: NetName=GND Pin=U5-11
Added Pin To Net: NetName=GND Pin=U5-18
Added Pin To Net: NetName=GND Pin=Uh1-12
Added Pin To Net: NetName=GND Pin=Uh1-18
Added Pin To Net: NetName=GND Pin=Uh1-31
Added Pin To Net: NetName=GND Pin=Uh1-47
Added Pin To Net: NetName=GND Pin=Uh1-63
Added Pin To Net: NetName=GND Pin=Up1-1
Added Pin To Net: NetName=GND Pin=usbc1-1
Added Pin To Net: NetName=GND Pin=wx1-3
Added Pin To Net: NetName=GND Pin=X1-2
Added Net: Name=GND
Added Pin To Net: NetName=KEY1 Pin=Key1-1
Added Pin To Net: NetName=KEY1 Pin=keyC1-2
Added Pin To Net: NetName=KEY1 Pin=Kx-2
Added Pin To Net: NetName=KEY1 Pin=Uh1-2
Added Net: Name=KEY1
Added Pin To Net: NetName=KEY2 Pin=Key2-1
Added Pin To Net: NetName=KEY2 Pin=keyC2-2
Added Pin To Net: NetName=KEY2 Pin=Kx-3
Added Pin To Net: NetName=KEY2 Pin=Uh1-3
Added Net: Name=KEY2
Added Pin To Net: NetName=KEY3 Pin=Key3-1
Added Pin To Net: NetName=KEY3 Pin=keyC3-2
Added Pin To Net: NetName=KEY3 Pin=Kx-6
Added Net: Name=KEY3
Added Pin To Net: NetName=KEY4 Pin=Key4-1
Added Pin To Net: NetName=KEY4 Pin=keyC4-2
Added Pin To Net: NetName=KEY4 Pin=Kx-5
Added Pin To Net: NetName=KEY4 Pin=Uh1-8
Added Net: Name=KEY4
Added Pin To Net: NetName=KEY5 Pin=Key5-1
Added Pin To Net: NetName=KEY5 Pin=keyC5-2
Added Pin To Net: NetName=KEY5 Pin=Kx-4
Added Pin To Net: NetName=KEY5 Pin=Uh1-9
Added Net: Name=KEY5
Added Pin To Net: NetName=M1-OUT1 Pin=qca5-2
Added Pin To Net: NetName=M1-OUT1 Pin=qda1-2
Added Pin To Net: NetName=M1-OUT1 Pin=qda2-1
Added Pin To Net: NetName=M1-OUT1 Pin=qha1-1
Added Pin To Net: NetName=M1-OUT1 Pin=qxa1-6
Added Net: Name=M1-OUT1
Added Pin To Net: NetName=M1-OUT2 Pin=1da4-1
Added Pin To Net: NetName=M1-OUT2 Pin=qca5-1
Added Pin To Net: NetName=M1-OUT2 Pin=qda3-2
Added Pin To Net: NetName=M1-OUT2 Pin=qxa1-8
Added Net: Name=M1-OUT2
Added Pin To Net: NetName=M2-OUT1 Pin=qcb5-2
Added Pin To Net: NetName=M2-OUT1 Pin=qdb1-2
Added Pin To Net: NetName=M2-OUT1 Pin=qdb2-1
Added Pin To Net: NetName=M2-OUT1 Pin=qhb1-1
Added Pin To Net: NetName=M2-OUT1 Pin=qxb1-6
Added Net: Name=M2-OUT1
Added Pin To Net: NetName=M2-OUT2 Pin=1db4-1
Added Pin To Net: NetName=M2-OUT2 Pin=qcb5-1
Added Pin To Net: NetName=M2-OUT2 Pin=qdb3-2
Added Pin To Net: NetName=M2-OUT2 Pin=qxb1-8
Added Net: Name=M2-OUT2
Added Pin To Net: NetName=M3-OUT1 Pin=qcc5-2
Added Pin To Net: NetName=M3-OUT1 Pin=qdc1-2
Added Pin To Net: NetName=M3-OUT1 Pin=qdc2-1
Added Pin To Net: NetName=M3-OUT1 Pin=qhc1-1
Added Pin To Net: NetName=M3-OUT1 Pin=qxc1-6
Added Net: Name=M3-OUT1
Added Pin To Net: NetName=M3-OUT2 Pin=1dc4-1
Added Pin To Net: NetName=M3-OUT2 Pin=qcc5-1
Added Pin To Net: NetName=M3-OUT2 Pin=qdc3-2
Added Pin To Net: NetName=M3-OUT2 Pin=qxc1-8
Added Net: Name=M3-OUT2
Added Pin To Net: NetName=M4-OUT1 Pin=qcd5-2
Added Pin To Net: NetName=M4-OUT1 Pin=qdd1-2
Added Pin To Net: NetName=M4-OUT1 Pin=qdd2-1
Added Pin To Net: NetName=M4-OUT1 Pin=qhd1-1
Added Pin To Net: NetName=M4-OUT1 Pin=qxd1-6
Added Net: Name=M4-OUT1
Added Pin To Net: NetName=M4-OUT2 Pin=1dd4-1
Added Pin To Net: NetName=M4-OUT2 Pin=qcd5-1
Added Pin To Net: NetName=M4-OUT2 Pin=qdd3-2
Added Pin To Net: NetName=M4-OUT2 Pin=qxd1-8
Added Net: Name=M4-OUT2
Added Pin To Net: NetName=Net1da4_2 Pin=1da4-2
Added Pin To Net: NetName=Net1da4_2 Pin=qda2-2
Added Net: Name=Net1da4_2
Added Pin To Net: NetName=Net1db4_2 Pin=1db4-2
Added Pin To Net: NetName=Net1db4_2 Pin=qdb2-2
Added Net: Name=Net1db4_2
Added Pin To Net: NetName=Net1dc4_2 Pin=1dc4-2
Added Pin To Net: NetName=Net1dc4_2 Pin=qdc2-2
Added Net: Name=Net1dc4_2
Added Pin To Net: NetName=Net1dd4_2 Pin=1dd4-2
Added Pin To Net: NetName=Net1dd4_2 Pin=qdd2-2
Added Net: Name=Net1dd4_2
Added Pin To Net: NetName=Netcan1_6 Pin=can1-6
Added Pin To Net: NetName=Netcan1_6 Pin=jx-2
Added Pin To Net: NetName=Netcan1_6 Pin=kc1-1
Added Net: Name=Netcan1_6
Added Pin To Net: NetName=Netcan1_7 Pin=can1-7
Added Pin To Net: NetName=Netcan1_7 Pin=jx-1
Added Pin To Net: NetName=Netcan1_7 Pin=kc1-2
Added Net: Name=Netcan1_7
Added Pin To Net: NetName=NetCm2_2 Pin=Cm2-2
Added Pin To Net: NetName=NetCm2_2 Pin=U5-20
Added Net: Name=NetCm2_2
Added Pin To Net: NetName=NetCm4_2 Pin=Cm4-2
Added Pin To Net: NetName=NetCm4_2 Pin=U5-10
Added Net: Name=NetCm4_2
Added Pin To Net: NetName=NetDe1_1 Pin=De1-1
Added Pin To Net: NetName=NetDe1_1 Pin=MOS1-3
Added Pin To Net: NetName=NetDe1_1 Pin=PFMQ-2
Added Net: Name=NetDe1_1
Added Pin To Net: NetName=Netkga1_1 Pin=kga1-1
Added Pin To Net: NetName=Netkga1_1 Pin=qka1-1
Added Pin To Net: NetName=Netkga1_1 Pin=qxa1-3
Added Net: Name=Netkga1_1
Added Pin To Net: NetName=Netkga1_3 Pin=kga1-3
Added Pin To Net: NetName=Netkga1_3 Pin=qka2-2
Added Pin To Net: NetName=Netkga1_3 Pin=qxa1-2
Added Net: Name=Netkga1_3
Added Pin To Net: NetName=Netkgb1_1 Pin=kgb1-1
Added Pin To Net: NetName=Netkgb1_1 Pin=qkb1-1
Added Pin To Net: NetName=Netkgb1_1 Pin=qxb1-3
Added Net: Name=Netkgb1_1
Added Pin To Net: NetName=Netkgb1_3 Pin=kgb1-3
Added Pin To Net: NetName=Netkgb1_3 Pin=qkb2-2
Added Pin To Net: NetName=Netkgb1_3 Pin=qxb1-2
Added Net: Name=Netkgb1_3
Added Pin To Net: NetName=Netkgc1_1 Pin=kgc1-1
Added Pin To Net: NetName=Netkgc1_1 Pin=qkc1-1
Added Pin To Net: NetName=Netkgc1_1 Pin=qxc1-3
Added Net: Name=Netkgc1_1
Added Pin To Net: NetName=Netkgc1_3 Pin=kgc1-3
Added Pin To Net: NetName=Netkgc1_3 Pin=qkc2-2
Added Pin To Net: NetName=Netkgc1_3 Pin=qxc1-2
Added Net: Name=Netkgc1_3
Added Pin To Net: NetName=Netkgd1_1 Pin=kgd1-1
Added Pin To Net: NetName=Netkgd1_1 Pin=qkd1-1
Added Pin To Net: NetName=Netkgd1_1 Pin=qxd1-3
Added Net: Name=Netkgd1_1
Added Pin To Net: NetName=Netkgd1_3 Pin=kgd1-3
Added Pin To Net: NetName=Netkgd1_3 Pin=qkd2-2
Added Pin To Net: NetName=Netkgd1_3 Pin=qxd1-2
Added Net: Name=Netkgd1_3
Added Pin To Net: NetName=NetLED1_1 Pin=LED1-1
Added Pin To Net: NetName=NetLED1_1 Pin=RL1-1
Added Net: Name=NetLED1_1
Added Pin To Net: NetName=NetLED2_1 Pin=LED2-1
Added Pin To Net: NetName=NetLED2_1 Pin=RL2-1
Added Net: Name=NetLED2_1
Added Pin To Net: NetName=NetLED3_1 Pin=LED3-1
Added Pin To Net: NetName=NetLED3_1 Pin=RL3-1
Added Net: Name=NetLED3_1
Added Pin To Net: NetName=Netleda_2 Pin=leda-2
Added Pin To Net: NetName=Netleda_2 Pin=ledaDe1-1
Added Pin To Net: NetName=Netleda_2 Pin=ledbMOS1-3
Added Net: Name=Netleda_2
Added Pin To Net: NetName=Netledar1_2 Pin=ledar1-2
Added Pin To Net: NetName=Netledar1_2 Pin=ledar2-1
Added Pin To Net: NetName=Netledar1_2 Pin=ledbMOS1-1
Added Net: Name=Netledar1_2
Added Pin To Net: NetName=NetMOS1_1 Pin=MOS1-1
Added Pin To Net: NetName=NetMOS1_1 Pin=Rmos1-2
Added Pin To Net: NetName=NetMOS1_1 Pin=Rmos2-1
Added Net: Name=NetMOS1_1
Added Pin To Net: NetName=Netpc1_1 Pin=pc1-1
Added Pin To Net: NetName=Netpc1_1 Pin=pd1-2
Added Pin To Net: NetName=Netpc1_1 Pin=pl1-1
Added Pin To Net: NetName=Netpc1_1 Pin=U1-3
Added Net: Name=Netpc1_1
Added Pin To Net: NetName=Netpc1_2 Pin=pc1-2
Added Pin To Net: NetName=Netpc1_2 Pin=U1-1
Added Net: Name=Netpc1_2
Added Pin To Net: NetName=Netpc6_1 Pin=pc6-1
Added Pin To Net: NetName=Netpc6_1 Pin=U1-8
Added Net: Name=Netpc6_1
Added Pin To Net: NetName=Netpc7_1 Pin=pc7-1
Added Pin To Net: NetName=Netpc7_1 Pin=U1-6
Added Net: Name=Netpc7_1
Added Pin To Net: NetName=Netpc7_2 Pin=pc7-2
Added Pin To Net: NetName=Netpc7_2 Pin=pk5-2
Added Net: Name=Netpc7_2
Added Pin To Net: NetName=Netpk1_1 Pin=pk1-1
Added Pin To Net: NetName=Netpk1_1 Pin=pk2-1
Added Pin To Net: NetName=Netpk1_1 Pin=U1-7
Added Net: Name=Netpk1_1
Added Pin To Net: NetName=Netpk3_1 Pin=pk3-1
Added Pin To Net: NetName=Netpk3_1 Pin=pk4-1
Added Pin To Net: NetName=Netpk3_1 Pin=U1-5
Added Net: Name=Netpk3_1
Added Pin To Net: NetName=Netpk6_2 Pin=pk6-2
Added Pin To Net: NetName=Netpk6_2 Pin=pled1-1
Added Net: Name=Netpk6_2
Added Pin To Net: NetName=Netqka3_1 Pin=qka3-1
Added Pin To Net: NetName=Netqka3_1 Pin=qxa1-7
Added Net: Name=Netqka3_1
Added Pin To Net: NetName=Netqkb3_1 Pin=qkb3-1
Added Pin To Net: NetName=Netqkb3_1 Pin=qxb1-7
Added Net: Name=Netqkb3_1
Added Pin To Net: NetName=Netqkc3_1 Pin=qkc3-1
Added Pin To Net: NetName=Netqkc3_1 Pin=qxc1-7
Added Net: Name=Netqkc3_1
Added Pin To Net: NetName=Netqkd3_1 Pin=qkd3-1
Added Pin To Net: NetName=Netqkd3_1 Pin=qxd1-7
Added Net: Name=Netqkd3_1
Added Pin To Net: NetName=NetRm9_1 Pin=Rm9-1
Added Pin To Net: NetName=NetRm9_1 Pin=U5-9
Added Net: Name=NetRm9_1
Added Pin To Net: NetName=NetUh1_5 Pin=Uh1-5
Added Pin To Net: NetName=NetUh1_5 Pin=X1-1
Added Net: Name=NetUh1_5
Added Pin To Net: NetName=NetUh1_6 Pin=Uh1-6
Added Pin To Net: NetName=NetUh1_6 Pin=X1-3
Added Net: Name=NetUh1_6
Added Pin To Net: NetName=Netusart_1 Pin=usart-1
Added Pin To Net: NetName=Netusart_1 Pin=USB-3
Added Net: Name=Netusart_1
Added Pin To Net: NetName=Netusart_2 Pin=usart-2
Added Pin To Net: NetName=Netusart_2 Pin=USB-2
Added Net: Name=Netusart_2
Added Pin To Net: NetName=Netusart_3 Pin=usart-3
Added Pin To Net: NetName=Netusart_3 Pin=USB-5
Added Net: Name=Netusart_3
Added Pin To Net: NetName=NRST Pin=ch1-2
Added Pin To Net: NetName=NRST Pin=RH2-1
Added Pin To Net: NetName=NRST Pin=SH1-2
Added Pin To Net: NetName=NRST Pin=Uh1-7
Added Net: Name=NRST
Added Pin To Net: NetName=PA0 Pin=qha1-4
Added Pin To Net: NetName=PA0 Pin=Uh1-14
Added Net: Name=PA0
Added Pin To Net: NetName=PA1 Pin=qha1-3
Added Pin To Net: NetName=PA1 Pin=Uh1-15
Added Net: Name=PA1
Added Pin To Net: NetName=PA2 Pin=Uh1-16
Added Pin To Net: NetName=PA2 Pin=usart-7
Added Net: Name=PA2
Added Pin To Net: NetName=PA3 Pin=Uh1-17
Added Pin To Net: NetName=PA3 Pin=usart-6
Added Net: Name=PA3
Added Pin To Net: NetName=PA4 Pin=pc12-2
Added Pin To Net: NetName=PA4 Pin=pk7-2
Added Pin To Net: NetName=PA4 Pin=pk8-1
Added Pin To Net: NetName=PA4 Pin=Uh1-20
Added Net: Name=PA4
Added Pin To Net: NetName=PA5 Pin=U5-12
Added Pin To Net: NetName=PA5 Pin=Uh1-21
Added Net: Name=PA5
Added Pin To Net: NetName=PA6 Pin=qhb1-4
Added Pin To Net: NetName=PA6 Pin=Uh1-22
Added Net: Name=PA6
Added Pin To Net: NetName=PA7 Pin=qhb1-3
Added Pin To Net: NetName=PA7 Pin=Uh1-23
Added Net: Name=PA7
Added Pin To Net: NetName=PA8 Pin=ledar1-1
Added Pin To Net: NetName=PA8 Pin=Uh1-41
Added Net: Name=PA8
Added Pin To Net: NetName=PA9 Pin=Uh1-42
Added Pin To Net: NetName=PA9 Pin=wx1-1
Added Net: Name=PA9
Added Pin To Net: NetName=PA10 Pin=Uh1-43
Added Pin To Net: NetName=PA10 Pin=wx1-2
Added Net: Name=PA10
Added Pin To Net: NetName=PA11 Pin=can1-4
Added Pin To Net: NetName=PA11 Pin=Uh1-44
Added Net: Name=PA11
Added Pin To Net: NetName=PA12 Pin=can1-1
Added Pin To Net: NetName=PA12 Pin=Uh1-45
Added Net: Name=PA12
Added Pin To Net: NetName=PA13 Pin=Js1-2
Added Pin To Net: NetName=PA13 Pin=Uh1-46
Added Net: Name=PA13
Added Pin To Net: NetName=PA14 Pin=Js1-3
Added Pin To Net: NetName=PA14 Pin=Uh1-49
Added Net: Name=PA14
Added Pin To Net: NetName=PA15 Pin=qhd1-4
Added Pin To Net: NetName=PA15 Pin=Uh1-50
Added Net: Name=PA15
Added Pin To Net: NetName=PB0 Pin=cj-3
Added Pin To Net: NetName=PB0 Pin=Uh1-26
Added Net: Name=PB0
Added Pin To Net: NetName=PB1 Pin=cj-4
Added Pin To Net: NetName=PB1 Pin=Uh1-27
Added Net: Name=PB1
Added Pin To Net: NetName=PB3 Pin=qhd1-3
Added Pin To Net: NetName=PB3 Pin=Uh1-55
Added Net: Name=PB3
Added Pin To Net: NetName=PB4 Pin=LED2-2
Added Pin To Net: NetName=PB4 Pin=Uh1-56
Added Net: Name=PB4
Added Pin To Net: NetName=PB5 Pin=LED1-2
Added Pin To Net: NetName=PB5 Pin=Uh1-57
Added Net: Name=PB5
Added Pin To Net: NetName=PB6 Pin=qhc1-4
Added Pin To Net: NetName=PB6 Pin=Uh1-58
Added Net: Name=PB6
Added Pin To Net: NetName=PB7 Pin=qhc1-3
Added Pin To Net: NetName=PB7 Pin=Uh1-59
Added Net: Name=PB7
Added Pin To Net: NetName=PB8 Pin=Rm1-1
Added Pin To Net: NetName=PB8 Pin=U5-23
Added Pin To Net: NetName=PB8 Pin=Uh1-61
Added Net: Name=PB8
Added Pin To Net: NetName=PB9 Pin=Rm2-1
Added Pin To Net: NetName=PB9 Pin=U5-24
Added Pin To Net: NetName=PB9 Pin=Uh1-62
Added Net: Name=PB9
Added Pin To Net: NetName=PB10 Pin=ESP-8
Added Pin To Net: NetName=PB10 Pin=Uh1-29
Added Net: Name=PB10
Added Pin To Net: NetName=PB11 Pin=ESP-1
Added Pin To Net: NetName=PB11 Pin=Uh1-30
Added Net: Name=PB11
Added Pin To Net: NetName=PB12 Pin=kga1-6
Added Pin To Net: NetName=PB12 Pin=Uh1-33
Added Net: Name=PB12
Added Pin To Net: NetName=PB13 Pin=kgb1-6
Added Pin To Net: NetName=PB13 Pin=Uh1-34
Added Net: Name=PB13
Added Pin To Net: NetName=PB14 Pin=kgc1-6
Added Pin To Net: NetName=PB14 Pin=Uh1-35
Added Net: Name=PB14
Added Pin To Net: NetName=PB15 Pin=kgd1-6
Added Pin To Net: NetName=PB15 Pin=Uh1-36
Added Net: Name=PB15
Added Pin To Net: NetName=PC2 Pin=Ckey6-2
Added Pin To Net: NetName=PC2 Pin=key6-2
Added Pin To Net: NetName=PC2 Pin=Rkey6-1
Added Pin To Net: NetName=PC2 Pin=Uh1-10
Added Net: Name=PC2
Added Pin To Net: NetName=PC3 Pin=Uh1-11
Added Net: Name=PC3
Added Pin To Net: NetName=PC4 Pin=LED3-2
Added Pin To Net: NetName=PC4 Pin=Uh1-24
Added Net: Name=PC4
Added Pin To Net: NetName=PC5 Pin=Rmos1-1
Added Pin To Net: NetName=PC5 Pin=Uh1-25
Added Net: Name=PC5
Added Pin To Net: NetName=PC6 Pin=kga1-4
Added Pin To Net: NetName=PC6 Pin=Uh1-37
Added Net: Name=PC6
Added Pin To Net: NetName=PC7 Pin=kgb1-4
Added Pin To Net: NetName=PC7 Pin=Uh1-38
Added Net: Name=PC7
Added Pin To Net: NetName=PC8 Pin=kgc1-4
Added Pin To Net: NetName=PC8 Pin=Uh1-39
Added Net: Name=PC8
Added Pin To Net: NetName=PC9 Pin=kgd1-4
Added Pin To Net: NetName=PC9 Pin=Uh1-40
Added Net: Name=PC9
Added Pin To Net: NetName=PC10 Pin=S-6
Added Pin To Net: NetName=PC10 Pin=Uh1-51
Added Net: Name=PC10
Added Pin To Net: NetName=PC11 Pin=S-5
Added Pin To Net: NetName=PC11 Pin=Uh1-52
Added Net: Name=PC11
Added Pin To Net: NetName=PC12 Pin=S-4
Added Pin To Net: NetName=PC12 Pin=Uh1-53
Added Net: Name=PC12
Added Pin To Net: NetName=PC15 Pin=Ckey7-2
Added Pin To Net: NetName=PC15 Pin=key7-2
Added Pin To Net: NetName=PC15 Pin=Rkey7-1
Added Pin To Net: NetName=PC15 Pin=Uh1-4
Added Net: Name=PC15
Added Pin To Net: NetName=PD2 Pin=S-3
Added Pin To Net: NetName=PD2 Pin=Uh1-54
Added Net: Name=PD2
Added Pin To Net: NetName=USB5V Pin=TM-2
Added Pin To Net: NetName=USB5V Pin=USB-1
Added Net: Name=USB5V
Added Pin To Net: NetName=VCC_IN Pin=MTS-2
Added Pin To Net: NetName=VCC_IN Pin=MTS-2
Added Pin To Net: NetName=VCC_IN Pin=pf1-1
Added Net: Name=VCC_IN
Added Pin To Net: NetName=VCC Pin=pc2-2
Added Pin To Net: NetName=VCC Pin=pc3-2
Added Pin To Net: NetName=VCC Pin=pc9-1
Added Pin To Net: NetName=VCC Pin=pc10-2
Added Pin To Net: NetName=VCC Pin=pc11-1
Added Pin To Net: NetName=VCC Pin=pd2-2
Added Pin To Net: NetName=VCC Pin=pf1-2
Added Pin To Net: NetName=VCC Pin=pk2-2
Added Pin To Net: NetName=VCC Pin=pk7-1
Added Pin To Net: NetName=VCC Pin=qca2-1
Added Pin To Net: NetName=VCC Pin=qca3-1
Added Pin To Net: NetName=VCC Pin=qcb2-1
Added Pin To Net: NetName=VCC Pin=qcb3-1
Added Pin To Net: NetName=VCC Pin=qcc2-1
Added Pin To Net: NetName=VCC Pin=qcc3-1
Added Pin To Net: NetName=VCC Pin=qcd2-1
Added Pin To Net: NetName=VCC Pin=qcd3-1
Added Pin To Net: NetName=VCC Pin=qxa1-5
Added Pin To Net: NetName=VCC Pin=qxb1-5
Added Pin To Net: NetName=VCC Pin=qxc1-5
Added Pin To Net: NetName=VCC Pin=qxd1-5
Added Pin To Net: NetName=VCC Pin=U1-2
Added Net: Name=VCC
Added Class: Name=car
Added Room: Name=car
