Removed Pin From Net: NetName=5V Pin=Rcy1-1
Change Component Comment : Designator=PINB Old Comment=PINB New Comment=Header
Added Component: Designator=De1(SOD-323)
Added Component: Designator=MOS1(SO-G3/C2.5)
Added Component: Designator=mota(1Pin)
Added Component: Designator=motb(1Pin)
Added Component: Designator=Rmos1(0603P)
Added Component: Designator=Rmos2(0603P)
Added Pin To Net: NetName=5V Pin=De1-2
Added Pin To Net: NetName=GND Pin=MOS1-2
Added Pin To Net: NetName=5V Pin=mota-1
Added Pin To Net: NetName=BAT Pin=Rcy1-1
Added Pin To Net: NetName=PB1 Pin=Rmos1-1
Added Pin To Net: NetName=GND Pin=Rmos2-2
Added Pin To Net: NetName=NetDe1_1 Pin=De1-1
Added Pin To Net: NetName=NetDe1_1 Pin=MOS1-3
Added Pin To Net: NetName=NetDe1_1 Pin=motb-1
Added Net: Name=NetDe1_1
Added Pin To Net: NetName=NetMOS1_1 Pin=MOS1-1
Added Pin To Net: NetName=NetMOS1_1 Pin=Rmos1-2
Added Pin To Net: NetName=NetMOS1_1 Pin=Rmos2-1
Added Net: Name=NetMOS1_1
Added Member To Class: ClassName=clock Member=Component De1 BAT54WS
Added Member To Class: ClassName=clock Member=Component MOS1 SI2302
Added Member To Class: ClassName=clock Member=Component mota
Added Member To Class: ClassName=clock Member=Component motb
Added Member To Class: ClassName=clock Member=Component Rmos1 100R
Added Member To Class: ClassName=clock Member=Component Rmos2 10K
Added Room: Name=clock
