Removed Pin From Net: NetName=GND Pin=Ckey6-1
Removed Pin From Net: NetName=PC2 Pin=Ckey6-2
Removed Pin From Net: NetName=GND Pin=Ckey7-1
Removed Pin From Net: NetName=GND Pin=key6-1
Removed Pin From Net: NetName=PC2 Pin=key6-2
Removed Pin From Net: NetName=GND Pin=key7-1
Removed Pin From Net: NetName=PB5 Pin=LED1-2
Removed Pin From Net: NetName=PB4 Pin=LED2-2
Removed Pin From Net: NetName=PC4 Pin=LED3-2
Removed Pin From Net: NetName=5V Pin=leda-1
Removed Pin From Net: NetName=5V Pin=ledaDe1-2
Removed Pin From Net: NetName=PA8 Pin=ledar1-1
Removed Pin From Net: NetName=GND Pin=ledar2-2
Removed Pin From Net: NetName=GND Pin=ledbMOS1-2
Removed Pin From Net: NetName=PC2 Pin=Rkey6-1
Removed Pin From Net: NetName=3V3 Pin=Rkey6-2
Removed Pin From Net: NetName=3V3 Pin=Rkey7-2
Removed Pin From Net: NetName=3V3 Pin=RL2-2
Removed Pin From Net: NetName=3V3 Pin=RL3-2
Removed Pin From Net: NetName=PC5 Pin=Rmos1-1
Removed Member From Class: ClassName=car Member=Ckey6
Removed Member From Class: ClassName=car Member=Ckey7
Removed Member From Class: ClassName=car Member=key6
Removed Member From Class: ClassName=car Member=key7
Removed Member From Class: ClassName=car Member=LED2
Removed Member From Class: ClassName=car Member=ledaDe1
Removed Member From Class: ClassName=car Member=leda
Removed Member From Class: ClassName=car Member=ledar1
Removed Member From Class: ClassName=car Member=ledar2
Removed Member From Class: ClassName=car Member=ledbMOS1
Removed Member From Class: ClassName=car Member=Rkey6
Removed Member From Class: ClassName=car Member=Rkey7
Removed Member From Class: ClassName=car Member=RL2
Change Component Designator: OldDesignator=LED3 NewDesignator=usbled
Change Component Designator: OldDesignator=RL3 NewDesignator=usbR1
Added Component: Designator=hw1(HDR1X2_2.54)
Added Component: Designator=hw2(HDR1X2_2.54)
Added Component: Designator=wx2(HDR1X4)
Added Pin To Net: NetName=PC2 Pin=hw1-1
Added Pin To Net: NetName=PC3 Pin=hw1-2
Added Pin To Net: NetName=PB4 Pin=hw2-1
Added Pin To Net: NetName=PB5 Pin=hw2-2
Added Pin To Net: NetName=PC4 Pin=LED1-2
Added Pin To Net: NetName=PA8 Pin=Rmos1-1
Added Pin To Net: NetName=KEY3 Pin=Uh1-4
Added Pin To Net: NetName=GND Pin=usbled-2
Added Pin To Net: NetName=USB5V Pin=usbR1-2
Added Pin To Net: NetName=5V Pin=wx2-1
Added Pin To Net: NetName=PC5 Pin=wx2-2
Added Pin To Net: NetName=GND Pin=wx2-3
Change Net Name : Old Net Name=NetLED3_1 New Net Name=Netusbled_1
Added Member To Class: ClassName=car Member=Component hw1 ∫ÏÕ‚
Added Member To Class: ClassName=car Member=Component hw2 ∫ÏÕ‚
Added Member To Class: ClassName=car Member=Component wx2 rgb“˝Ω≈
Added Room: Name=car
