Added Component: Designator=LED1(led0603)
Added Component: Designator=LED3(led0603)
Added Component: Designator=usbled(led0603)
Added Component: Designator=wx2(HDR1X4)
Added Pin To Net: NetName=NetLED1_1 Pin=LED1-1
Added Pin To Net: NetName=PB3 Pin=LED1-2
Added Pin To Net: NetName=NetLED3_1 Pin=LED3-1
Added Pin To Net: NetName=PA8 Pin=LED3-2
Added Pin To Net: NetName=Netusbled_1 Pin=usbled-1
Added Pin To Net: NetName=GND Pin=usbled-2
Added Pin To Net: NetName=5V Pin=wx2-1
Added Pin To Net: NetName=GND Pin=wx2-2
Added Pin To Net: NetName=PA2 Pin=wx2-4
Added Pin To Net: NetName=Netpm1_2 Pin=pm1-2
Added Pin To Net: NetName=Netpm1_2 Pin=wx2-3
Added Net: Name=Netpm1_2
Added Pin To Net: NetName=Netpm2_2 Pin=pm2-2
Added Net: Name=Netpm2_2
Added Member To Class: ClassName=environment Member=Component LED1 BLUE
Added Member To Class: ClassName=environment Member=Component LED3 BLUE
Added Member To Class: ClassName=environment Member=Component usbled BLUE
