Removed Pin From Net: NetName=PB0 Pin=cj-3
Removed Pin From Net: NetName=PB1 Pin=cj-4
Removed Pin From Net: NetName=PC2 Pin=hw1-1
Removed Pin From Net: NetName=PC3 Pin=hw1-2
Removed Pin From Net: NetName=PB4 Pin=hw2-1
Removed Pin From Net: NetName=PB5 Pin=hw2-2
Removed Pin From Net: NetName=3V3 Pin=hw3-1
Removed Pin From Net: NetName=GND Pin=hw3-2
Removed Pin From Net: NetName=3V3 Pin=hw4-1
Removed Pin From Net: NetName=GND Pin=hw4-2
Removed Pin From Net: NetName=GND Pin=kgc1-2
Removed Pin From Net: NetName=PC8 Pin=kgc1-4
Removed Pin From Net: NetName=3V3 Pin=kgc1-5
Removed Pin From Net: NetName=PB14 Pin=kgc1-6
Removed Pin From Net: NetName=GND Pin=kgd1-2
Removed Pin From Net: NetName=PC9 Pin=kgd1-4
Removed Pin From Net: NetName=3V3 Pin=kgd1-5
Removed Pin From Net: NetName=PB15 Pin=kgd1-6
Removed Pin From Net: NetName=5V Pin=qcc1-1
Removed Pin From Net: NetName=GND Pin=qcc1-2
Removed Pin From Net: NetName=VCC Pin=qcc2-1
Removed Pin From Net: NetName=GND Pin=qcc2-2
Removed Pin From Net: NetName=VCC Pin=qcc3-1
Removed Pin From Net: NetName=GND Pin=qcc3-2
Removed Pin From Net: NetName=GND Pin=qcc4-1
Removed Pin From Net: NetName=3V3 Pin=qcc4-2
Removed Pin From Net: NetName=5V Pin=qcd1-1
Removed Pin From Net: NetName=GND Pin=qcd1-2
Removed Pin From Net: NetName=VCC Pin=qcd2-1
Removed Pin From Net: NetName=GND Pin=qcd2-2
Removed Pin From Net: NetName=VCC Pin=qcd3-1
Removed Pin From Net: NetName=GND Pin=qcd3-2
Removed Pin From Net: NetName=GND Pin=qcd4-1
Removed Pin From Net: NetName=3V3 Pin=qcd4-2
Removed Pin From Net: NetName=GND Pin=qdc1-1
Removed Pin From Net: NetName=GND Pin=qdc3-1
Removed Pin From Net: NetName=GND Pin=qdd1-1
Removed Pin From Net: NetName=GND Pin=qdd3-1
Removed Pin From Net: NetName=M1-OUT1 Pin=qha1-1
Removed Pin From Net: NetName=GND Pin=qha1-2
Removed Pin From Net: NetName=PA1 Pin=qha1-3
Removed Pin From Net: NetName=PA0 Pin=qha1-4
Removed Pin From Net: NetName=5V Pin=qha1-5
Removed Pin From Net: NetName=M1-OUT2 Pin=qha1-6
Removed Pin From Net: NetName=M2-OUT1 Pin=qhb1-1
Removed Pin From Net: NetName=GND Pin=qhb1-2
Removed Pin From Net: NetName=PA7 Pin=qhb1-3
Removed Pin From Net: NetName=PA6 Pin=qhb1-4
Removed Pin From Net: NetName=5V Pin=qhb1-5
Removed Pin From Net: NetName=M2-OUT2 Pin=qhb1-6
Removed Pin From Net: NetName=GND Pin=qhc1-2
Removed Pin From Net: NetName=PB7 Pin=qhc1-3
Removed Pin From Net: NetName=PB6 Pin=qhc1-4
Removed Pin From Net: NetName=5V Pin=qhc1-5
Removed Pin From Net: NetName=GND Pin=qhd1-2
Removed Pin From Net: NetName=PB3 Pin=qhd1-3
Removed Pin From Net: NetName=PA15 Pin=qhd1-4
Removed Pin From Net: NetName=5V Pin=qhd1-5
Removed Pin From Net: NetName=3V3 Pin=qkc1-2
Removed Pin From Net: NetName=3V3 Pin=qkc2-1
Removed Pin From Net: NetName=GND Pin=qkc3-2
Removed Pin From Net: NetName=3V3 Pin=qkd1-2
Removed Pin From Net: NetName=3V3 Pin=qkd2-1
Removed Pin From Net: NetName=GND Pin=qkd3-2
Removed Pin From Net: NetName=GND Pin=qxc1-1
Removed Pin From Net: NetName=5V Pin=qxc1-4
Removed Pin From Net: NetName=VCC Pin=qxc1-5
Removed Pin From Net: NetName=GND Pin=qxd1-1
Removed Pin From Net: NetName=5V Pin=qxd1-4
Removed Pin From Net: NetName=VCC Pin=qxd1-5
Removed Pin From Net: NetName=PB8 Pin=Rm1-1
Removed Pin From Net: NetName=PB9 Pin=Rm2-1
Removed Pin From Net: NetName=PA8 Pin=Rmos1-1
Removed Pin From Net: NetName=PB8 Pin=U5-23
Removed Pin From Net: NetName=PB9 Pin=U5-24
Removed Pin From Net: NetName=3V3 Pin=usart-5
Removed Pin From Net: NetName=PA3 Pin=usart-6
Removed Pin From Net: NetName=PA2 Pin=usart-7
Removed Pin From Net: NetName=3V3 Pin=usart-8
Removed Pin From Net: NetName=GND Pin=usbc1-1
Removed Pin From Net: NetName=3V3 Pin=usbc1-2
Removed Member From Class: ClassName=car Member=1dc4
Removed Member From Class: ClassName=car Member=1dd4
Removed Member From Class: ClassName=car Member=hw1
Removed Member From Class: ClassName=car Member=hw2
Removed Member From Class: ClassName=car Member=hw3
Removed Member From Class: ClassName=car Member=hw4
Removed Member From Class: ClassName=car Member=kgc1
Removed Member From Class: ClassName=car Member=kgd1
Removed Member From Class: ClassName=car Member=qcc1
Removed Member From Class: ClassName=car Member=qcc2
Removed Member From Class: ClassName=car Member=qcc3
Removed Member From Class: ClassName=car Member=qcc4
Removed Member From Class: ClassName=car Member=qcc5
Removed Member From Class: ClassName=car Member=qcd1
Removed Member From Class: ClassName=car Member=qcd2
Removed Member From Class: ClassName=car Member=qcd3
Removed Member From Class: ClassName=car Member=qcd4
Removed Member From Class: ClassName=car Member=qcd5
Removed Member From Class: ClassName=car Member=qdc1
Removed Member From Class: ClassName=car Member=qdc2
Removed Member From Class: ClassName=car Member=qdc3
Removed Member From Class: ClassName=car Member=qdd1
Removed Member From Class: ClassName=car Member=qdd2
Removed Member From Class: ClassName=car Member=qdd3
Removed Member From Class: ClassName=car Member=qha1
Removed Member From Class: ClassName=car Member=qhb1
Removed Member From Class: ClassName=car Member=qhc1
Removed Member From Class: ClassName=car Member=qhd1
Removed Member From Class: ClassName=car Member=qkc1
Removed Member From Class: ClassName=car Member=qkc2
Removed Member From Class: ClassName=car Member=qkc3
Removed Member From Class: ClassName=car Member=qkd1
Removed Member From Class: ClassName=car Member=qkd2
Removed Member From Class: ClassName=car Member=qkd3
Removed Member From Class: ClassName=car Member=qxc1
Removed Member From Class: ClassName=car Member=qxd1
Removed Member From Class: ClassName=car Member=usart
Removed Member From Class: ClassName=car Member=usbc1
Change Component Comment : Designator=pc10 Old Comment=100nf New Comment=104
Change Component Comment : Designator=Cm2 Old Comment=106 New Comment=10uF
Change Component Comment : Designator=Cm7 Old Comment=106 New Comment=10uf
Change Component Comment : Designator=qxa1 Old Comment=A4951 New Comment=A4950
Change Component Comment : Designator=qxb1 Old Comment=A4951 New Comment=A4950
Added Component: Designator=ad1(HDR1X4)
Added Component: Designator=ad2(HDR1X4)
Added Component: Designator=ad3(HDR1X4)
Added Component: Designator=BT1(CR2032)
Added Component: Designator=De2(SOD-323)
Added Component: Designator=De3(SOD-323)
Added Component: Designator=De4(SOD-323)
Added Component: Designator=dj1(HDR1X4_2.0)
Added Component: Designator=dj2(HDR1X4_2.0)
Added Component: Designator=DJ(FMQ_tp)
Added Component: Designator=dsc1(C0603)
Added Component: Designator=gq(HDR1X4)
Added Component: Designator=JSQ(HDR1X2_2.54)
Added Component: Designator=LED(FMQ_tp)
Added Component: Designator=MOS2(SO-G3/C2.5)
Added Component: Designator=MOS3(SO-G3/C2.5)
Added Component: Designator=MOS4(SO-G3/C2.5)
Added Component: Designator=pm1(R0603)
Added Component: Designator=pm2(R0603)
Added Component: Designator=pm(HDR1X4)
Added Component: Designator=qy(HDR1X4)
Added Component: Designator=Rdj1(0603P)
Added Component: Designator=Rdj2(0603P)
Added Component: Designator=Rjsq1(0603P)
Added Component: Designator=Rjsq2(0603P)
Added Component: Designator=RL2(0603P)
Added Component: Designator=Rled1(0603P)
Added Component: Designator=Rled2(0603P)
Added Component: Designator=U2(DS3231SN)
Added Component: Designator=wsd(HDR1X4)
Added Pin To Net: NetName=5V Pin=ad1-1
Added Pin To Net: NetName=GND Pin=ad1-2
Added Pin To Net: NetName=PA0 Pin=ad1-4
Added Pin To Net: NetName=5V Pin=ad2-1
Added Pin To Net: NetName=GND Pin=ad2-2
Added Pin To Net: NetName=PA1 Pin=ad2-4
Added Pin To Net: NetName=5V Pin=ad3-1
Added Pin To Net: NetName=GND Pin=ad3-2
Added Pin To Net: NetName=PC2 Pin=ad3-4
Added Pin To Net: NetName=GND Pin=BT1-2
Added Pin To Net: NetName=PB4 Pin=cj-3
Added Pin To Net: NetName=PB5 Pin=cj-4
Added Pin To Net: NetName=5V Pin=De2-2
Added Pin To Net: NetName=5V Pin=De3-2
Added Pin To Net: NetName=5V Pin=De4-2
Added Pin To Net: NetName=M1-OUT1 Pin=dj1-1
Added Pin To Net: NetName=GND Pin=dj1-2
Added Pin To Net: NetName=GND Pin=dj1-3
Added Pin To Net: NetName=M1-OUT2 Pin=dj1-4
Added Pin To Net: NetName=M2-OUT1 Pin=dj2-1
Added Pin To Net: NetName=GND Pin=dj2-2
Added Pin To Net: NetName=GND Pin=dj2-3
Added Pin To Net: NetName=M2-OUT2 Pin=dj2-4
Added Pin To Net: NetName=5V Pin=DJ-1
Added Pin To Net: NetName=GND Pin=dsc1-2
Added Pin To Net: NetName=3V3 Pin=gq-1
Added Pin To Net: NetName=GND Pin=gq-2
Added Pin To Net: NetName=PC8 Pin=gq-3
Added Pin To Net: NetName=PC9 Pin=gq-4
Added Pin To Net: NetName=5V Pin=JSQ-1
Added Pin To Net: NetName=5V Pin=LED-1
Added Pin To Net: NetName=GND Pin=MOS2-2
Added Pin To Net: NetName=GND Pin=MOS3-2
Added Pin To Net: NetName=GND Pin=MOS4-2
Added Pin To Net: NetName=3V3 Pin=pm1-1
Added Pin To Net: NetName=3V3 Pin=pm2-1
Added Pin To Net: NetName=5V Pin=pm-1
Added Pin To Net: NetName=GND Pin=pm-2
Added Pin To Net: NetName=PA2 Pin=pm-4
Added Pin To Net: NetName=3V3 Pin=qy-1
Added Pin To Net: NetName=GND Pin=qy-2
Added Pin To Net: NetName=PB14 Pin=qy-3
Added Pin To Net: NetName=PB15 Pin=qy-4
Added Pin To Net: NetName=PB1 Pin=Rdj1-1
Added Pin To Net: NetName=GND Pin=Rdj2-2
Added Pin To Net: NetName=PA7 Pin=Rjsq1-1
Added Pin To Net: NetName=GND Pin=Rjsq2-2
Added Pin To Net: NetName=3V3 Pin=RL2-2
Added Pin To Net: NetName=PB0 Pin=Rled1-1
Added Pin To Net: NetName=GND Pin=Rled2-2
Added Pin To Net: NetName=PB6 Pin=Rm1-1
Added Pin To Net: NetName=PB7 Pin=Rm2-1
Added Pin To Net: NetName=PA6 Pin=Rmos1-1
Added Pin To Net: NetName=PA15 Pin=U2-1
Added Pin To Net: NetName=GND Pin=U2-5
Added Pin To Net: NetName=GND Pin=U2-6
Added Pin To Net: NetName=GND Pin=U2-7
Added Pin To Net: NetName=GND Pin=U2-8
Added Pin To Net: NetName=GND Pin=U2-9
Added Pin To Net: NetName=GND Pin=U2-10
Added Pin To Net: NetName=GND Pin=U2-11
Added Pin To Net: NetName=GND Pin=U2-12
Added Pin To Net: NetName=GND Pin=U2-13
Added Pin To Net: NetName=PB9 Pin=U2-15
Added Pin To Net: NetName=PB8 Pin=U2-16
Added Pin To Net: NetName=PB6 Pin=U5-23
Added Pin To Net: NetName=PB7 Pin=U5-24
Added Pin To Net: NetName=GND Pin=USB-5
Added Pin To Net: NetName=3V3 Pin=wsd-1
Added Pin To Net: NetName=GND Pin=wsd-2
Added Pin To Net: NetName=PB3 Pin=wsd-3
Added Pin To Net: NetName=PA8 Pin=wsd-4
Added Pin To Net: NetName=+3.3V Pin=U2-2
Added Net: Name=+3.3V
Added Pin To Net: NetName=NetBT1_1 Pin=BT1-1
Added Pin To Net: NetName=NetBT1_1 Pin=dsc1-1
Added Pin To Net: NetName=NetBT1_1 Pin=U2-14
Added Net: Name=NetBT1_1
Added Pin To Net: NetName=NetDe2_1 Pin=De2-1
Added Pin To Net: NetName=NetDe2_1 Pin=JSQ-2
Added Pin To Net: NetName=NetDe2_1 Pin=MOS2-3
Added Net: Name=NetDe2_1
Added Pin To Net: NetName=NetDe3_1 Pin=De3-1
Added Pin To Net: NetName=NetDe3_1 Pin=LED-2
Added Pin To Net: NetName=NetDe3_1 Pin=MOS3-3
Added Net: Name=NetDe3_1
Added Pin To Net: NetName=NetDe4_1 Pin=De4-1
Added Pin To Net: NetName=NetDe4_1 Pin=DJ-2
Added Pin To Net: NetName=NetDe4_1 Pin=MOS4-3
Added Net: Name=NetDe4_1
Added Pin To Net: NetName=NetLED2_1 Pin=RL2-1
Added Net: Name=NetLED2_1
Added Pin To Net: NetName=NetMOS2_1 Pin=MOS2-1
Added Pin To Net: NetName=NetMOS2_1 Pin=Rjsq1-2
Added Pin To Net: NetName=NetMOS2_1 Pin=Rjsq2-1
Added Net: Name=NetMOS2_1
Added Pin To Net: NetName=NetMOS3_1 Pin=MOS3-1
Added Pin To Net: NetName=NetMOS3_1 Pin=Rled1-2
Added Pin To Net: NetName=NetMOS3_1 Pin=Rled2-1
Added Net: Name=NetMOS3_1
Added Pin To Net: NetName=NetMOS4_1 Pin=MOS4-1
Added Pin To Net: NetName=NetMOS4_1 Pin=Rdj1-2
Added Pin To Net: NetName=NetMOS4_1 Pin=Rdj2-1
Added Net: Name=NetMOS4_1
Added Pin To Net: NetName=Netpm1_2 Pin=pm1-2
Added Pin To Net: NetName=Netpm1_2 Pin=pm-3
Added Net: Name=Netpm1_2
Added Pin To Net: NetName=Netpm2_2 Pin=pm2-2
Added Net: Name=Netpm2_2
Change Class Name : Old Net Name=car New Net Name=environment
Added Member To Class: ClassName=environment Member=Component ad1 ad输入
Added Member To Class: ClassName=environment Member=Component ad2 ad输入
Added Member To Class: ClassName=environment Member=Component ad3 ad输入
Added Member To Class: ClassName=environment Member=Component BT1 VBAT
Added Member To Class: ClassName=environment Member=Component De2 BAT54WS
Added Member To Class: ClassName=environment Member=Component De3 BAT54WS
Added Member To Class: ClassName=environment Member=Component De4 BAT54WS
Added Member To Class: ClassName=environment Member=Component dj1 接口
Added Member To Class: ClassName=environment Member=Component dj2 接口
Added Member To Class: ClassName=environment Member=Component DJ 电机
Added Member To Class: ClassName=environment Member=Component dsc1 104
Added Member To Class: ClassName=environment Member=Component gq 光照强度
Added Member To Class: ClassName=environment Member=Component JSQ 加湿器
Added Member To Class: ClassName=environment Member=Component LED 灯
Added Member To Class: ClassName=environment Member=Component MOS2 SI2302
Added Member To Class: ClassName=environment Member=Component MOS3 SI2302
Added Member To Class: ClassName=environment Member=Component MOS4 SI2302
Added Member To Class: ClassName=environment Member=Component pm1 10K
Added Member To Class: ClassName=environment Member=Component pm2 10K
Added Member To Class: ClassName=environment Member=Component pm pm2.5
Added Member To Class: ClassName=environment Member=Component qy 大气压
Added Member To Class: ClassName=environment Member=Component Rdj1 100R
Added Member To Class: ClassName=environment Member=Component Rdj2 10K
Added Member To Class: ClassName=environment Member=Component Rjsq1 100R
Added Member To Class: ClassName=environment Member=Component Rjsq2 10K
Added Member To Class: ClassName=environment Member=Component RL2 4.7K
Added Member To Class: ClassName=environment Member=Component Rled1 100R
Added Member To Class: ClassName=environment Member=Component Rled2 10K
Added Member To Class: ClassName=environment Member=Component U2 DS3231SN
Added Member To Class: ClassName=environment Member=Component wsd 温湿度
Added Room: Name=environment
